# project ns (3-dev) configured on Sat Dec  5 12:54:24 2015 by
# waf 1.8.12 (abi 98, python 20706f0 on linux2)
# using ./waf configure --enable-examples --enable-tests --with-openflow=/usr/local --enable-mpi
#
----------------------------------------
Setting top to
/terra/ndnSIMx/ns-3
----------------------------------------
Setting out to
/terra/ndnSIMx/ns-3/build
----------------------------------------
Checking for 'gcc' (C compiler)
find program=['gcc', 'cc'] paths=['/usr/local/texlive/2014/bin/i386-linux', '/extra/markreyn/.rvm/gems/ruby-2.1.0/bin', '/extra/markreyn/.rvm/gems/ruby-2.1.0@global/bin', '/extra/markreyn/.rvm/rubies/ruby-2.1.0/bin', '/sbin', '/extra/markreyn/bin', '/usr/local/sbin', '/usr/local/bin', '/usr/sbin', '/usr/bin', '/sbin', '/bin', '/usr/games', '/usr/local/games', '/usr/bin', '/extra/markreyn/.rvm/bin', '/extra/markreyn/CodeSourcery/Sourcery_G++_Lite/bin', '/extra/markreyn/CodeSourcery/Sourcery_CodeBench_for_ARM_GNU_Linux/bin', '/usr/sbin', '/extra/markreyn/android-sdk-linux/build-tools/19.1.0', '/extra/markreyn/android-sdk-linux/tools', '/extra/markreyn/android-sdk-linux/platform-tools', '/extra2/local/bin', '/extra/markreyn/.rvm/bin'] var='CC' -> ['/usr/bin/gcc']
find program=['ar'] paths=['/usr/local/texlive/2014/bin/i386-linux', '/extra/markreyn/.rvm/gems/ruby-2.1.0/bin', '/extra/markreyn/.rvm/gems/ruby-2.1.0@global/bin', '/extra/markreyn/.rvm/rubies/ruby-2.1.0/bin', '/sbin', '/extra/markreyn/bin', '/usr/local/sbin', '/usr/local/bin', '/usr/sbin', '/usr/bin', '/sbin', '/bin', '/usr/games', '/usr/local/games', '/usr/bin', '/extra/markreyn/.rvm/bin', '/extra/markreyn/CodeSourcery/Sourcery_G++_Lite/bin', '/extra/markreyn/CodeSourcery/Sourcery_CodeBench_for_ARM_GNU_Linux/bin', '/usr/sbin', '/extra/markreyn/android-sdk-linux/build-tools/19.1.0', '/extra/markreyn/android-sdk-linux/tools', '/extra/markreyn/android-sdk-linux/platform-tools', '/extra2/local/bin', '/extra/markreyn/.rvm/bin'] var='AR' -> ['/usr/bin/ar']
/usr/bin/gcc
----------------------------------------
Checking for cc version
4.8.4
----------------------------------------
Checking for 'g++' (C++ compiler)
find program=['g++', 'c++'] paths=['/usr/local/texlive/2014/bin/i386-linux', '/extra/markreyn/.rvm/gems/ruby-2.1.0/bin', '/extra/markreyn/.rvm/gems/ruby-2.1.0@global/bin', '/extra/markreyn/.rvm/rubies/ruby-2.1.0/bin', '/sbin', '/extra/markreyn/bin', '/usr/local/sbin', '/usr/local/bin', '/usr/sbin', '/usr/bin', '/sbin', '/bin', '/usr/games', '/usr/local/games', '/usr/bin', '/extra/markreyn/.rvm/bin', '/extra/markreyn/CodeSourcery/Sourcery_G++_Lite/bin', '/extra/markreyn/CodeSourcery/Sourcery_CodeBench_for_ARM_GNU_Linux/bin', '/usr/sbin', '/extra/markreyn/android-sdk-linux/build-tools/19.1.0', '/extra/markreyn/android-sdk-linux/tools', '/extra/markreyn/android-sdk-linux/platform-tools', '/extra2/local/bin', '/extra/markreyn/.rvm/bin'] var='CXX' -> ['/usr/bin/g++']
(tool ar is already loaded, skipping)
/usr/bin/g++
----------------------------------------
Checking supported compiler CXXFLAGS
==>

int main(int argc, char **argv) {
	(void)argc; (void)argv;
	return 0;
}

<==
[1/2] Compiling [32mbuild/.conf_check_04d6409d0d0d36ad7d69ea82b1332efc/test.cpp[0m

['/usr/bin/g++', '-Werror', '-std=c++0x', '../test.cpp', '-c', '-o', '/terra/ndnSIMx/ns-3/build/.conf_check_04d6409d0d0d36ad7d69ea82b1332efc/testbuild/test.cpp.1.o']
[2/2] Linking [33mbuild/.conf_check_04d6409d0d0d36ad7d69ea82b1332efc/testbuild/testprog[0m

['/usr/bin/g++', 'test.cpp.1.o', '-o', '/terra/ndnSIMx/ns-3/build/.conf_check_04d6409d0d0d36ad7d69ea82b1332efc/testbuild/testprog', '-Wl,-Bstatic', '-Wl,-Bdynamic']
==>

int main(int argc, char **argv) {
	(void)argc; (void)argv;
	return 0;
}

<==
[1/2] Compiling [32mbuild/.conf_check_89e164d0f4cdaab2dcdb8cf68aba7d9e/test.cpp[0m

['/usr/bin/g++', '-Werror', '-std=c++11', '../test.cpp', '-c', '-o', '/terra/ndnSIMx/ns-3/build/.conf_check_89e164d0f4cdaab2dcdb8cf68aba7d9e/testbuild/test.cpp.1.o']
[2/2] Linking [33mbuild/.conf_check_89e164d0f4cdaab2dcdb8cf68aba7d9e/testbuild/testprog[0m

['/usr/bin/g++', 'test.cpp.1.o', '-o', '/terra/ndnSIMx/ns-3/build/.conf_check_89e164d0f4cdaab2dcdb8cf68aba7d9e/testbuild/testprog', '-Wl,-Bstatic', '-Wl,-Bdynamic']
-std=c++0x -std=c++11
-----------------------------------------
Checking supported optimizations CXXFLAGS
==>

int main(int argc, char **argv) {
	(void)argc; (void)argv;
	return 0;
}

<==
[1/2] Compiling [32mbuild/.conf_check_ded78b0616e5ed44c0e8db4cd90ac339/test.cpp[0m

['/usr/bin/g++', '-Werror', '-O0', '../test.cpp', '-c', '-o', '/terra/ndnSIMx/ns-3/build/.conf_check_ded78b0616e5ed44c0e8db4cd90ac339/testbuild/test.cpp.1.o']
[2/2] Linking [33mbuild/.conf_check_ded78b0616e5ed44c0e8db4cd90ac339/testbuild/testprog[0m

['/usr/bin/g++', 'test.cpp.1.o', '-o', '/terra/ndnSIMx/ns-3/build/.conf_check_ded78b0616e5ed44c0e8db4cd90ac339/testbuild/testprog', '-Wl,-Bstatic', '-Wl,-Bdynamic']
-O0
-----------------------------------------
Checking supported debug CXXFLAGS
==>

int main(int argc, char **argv) {
	(void)argc; (void)argv;
	return 0;
}

<==
[1/2] Compiling [32mbuild/.conf_check_f1997e266479d968df14603994ab30aa/test.cpp[0m

['/usr/bin/g++', '-Werror', '-ggdb', '../test.cpp', '-c', '-o', '/terra/ndnSIMx/ns-3/build/.conf_check_f1997e266479d968df14603994ab30aa/testbuild/test.cpp.1.o']
[2/2] Linking [33mbuild/.conf_check_f1997e266479d968df14603994ab30aa/testbuild/testprog[0m

['/usr/bin/g++', 'test.cpp.1.o', '-o', '/terra/ndnSIMx/ns-3/build/.conf_check_f1997e266479d968df14603994ab30aa/testbuild/testprog', '-Wl,-Bstatic', '-Wl,-Bdynamic']
==>

int main(int argc, char **argv) {
	(void)argc; (void)argv;
	return 0;
}

<==
[1/2] Compiling [32mbuild/.conf_check_e5e02ea955f3cc10867d2a0d8483f5bf/test.cpp[0m

['/usr/bin/g++', '-Werror', '-g3', '../test.cpp', '-c', '-o', '/terra/ndnSIMx/ns-3/build/.conf_check_e5e02ea955f3cc10867d2a0d8483f5bf/testbuild/test.cpp.1.o']
[2/2] Linking [33mbuild/.conf_check_e5e02ea955f3cc10867d2a0d8483f5bf/testbuild/testprog[0m

['/usr/bin/g++', 'test.cpp.1.o', '-o', '/terra/ndnSIMx/ns-3/build/.conf_check_e5e02ea955f3cc10867d2a0d8483f5bf/testbuild/testprog', '-Wl,-Bstatic', '-Wl,-Bdynamic']
-ggdb -g3
-----------------------------------------
Checking supported warnings CXXFLAGS
==>

int main(int argc, char **argv) {
	(void)argc; (void)argv;
	return 0;
}

<==
[1/2] Compiling [32mbuild/.conf_check_6493b1d9c63bda290e6d988135de7114/test.cpp[0m

['/usr/bin/g++', '-Werror', '-Wall', '../test.cpp', '-c', '-o', '/terra/ndnSIMx/ns-3/build/.conf_check_6493b1d9c63bda290e6d988135de7114/testbuild/test.cpp.1.o']
[2/2] Linking [33mbuild/.conf_check_6493b1d9c63bda290e6d988135de7114/testbuild/testprog[0m

['/usr/bin/g++', 'test.cpp.1.o', '-o', '/terra/ndnSIMx/ns-3/build/.conf_check_6493b1d9c63bda290e6d988135de7114/testbuild/testprog', '-Wl,-Bstatic', '-Wl,-Bdynamic']
==>

int main(int argc, char **argv) {
	(void)argc; (void)argv;
	return 0;
}

<==
[1/2] Compiling [32mbuild/.conf_check_b76b0a0a4d34363f7c632cf00064489e/test.cpp[0m

['/usr/bin/g++', '-Werror', '-Wno-error=deprecated-declarations', '../test.cpp', '-c', '-o', '/terra/ndnSIMx/ns-3/build/.conf_check_b76b0a0a4d34363f7c632cf00064489e/testbuild/test.cpp.1.o']
[2/2] Linking [33mbuild/.conf_check_b76b0a0a4d34363f7c632cf00064489e/testbuild/testprog[0m

['/usr/bin/g++', 'test.cpp.1.o', '-o', '/terra/ndnSIMx/ns-3/build/.conf_check_b76b0a0a4d34363f7c632cf00064489e/testbuild/testprog', '-Wl,-Bstatic', '-Wl,-Bdynamic']
==>

int main(int argc, char **argv) {
	(void)argc; (void)argv;
	return 0;
}

<==
[1/2] Compiling [32mbuild/.conf_check_abb89bd125fe3c7cfd8d71ab75e8fefa/test.cpp[0m

['/usr/bin/g++', '-Werror', '-fstrict-aliasing', '../test.cpp', '-c', '-o', '/terra/ndnSIMx/ns-3/build/.conf_check_abb89bd125fe3c7cfd8d71ab75e8fefa/testbuild/test.cpp.1.o']
[2/2] Linking [33mbuild/.conf_check_abb89bd125fe3c7cfd8d71ab75e8fefa/testbuild/testprog[0m

['/usr/bin/g++', 'test.cpp.1.o', '-o', '/terra/ndnSIMx/ns-3/build/.conf_check_abb89bd125fe3c7cfd8d71ab75e8fefa/testbuild/testprog', '-Wl,-Bstatic', '-Wl,-Bdynamic']
==>

int main(int argc, char **argv) {
	(void)argc; (void)argv;
	return 0;
}

<==
[1/2] Compiling [32mbuild/.conf_check_ad348fdadee1201d8115091d62ad6eda/test.cpp[0m

['/usr/bin/g++', '-Werror', '-Wstrict-aliasing', '../test.cpp', '-c', '-o', '/terra/ndnSIMx/ns-3/build/.conf_check_ad348fdadee1201d8115091d62ad6eda/testbuild/test.cpp.1.o']
[2/2] Linking [33mbuild/.conf_check_ad348fdadee1201d8115091d62ad6eda/testbuild/testprog[0m

['/usr/bin/g++', 'test.cpp.1.o', '-o', '/terra/ndnSIMx/ns-3/build/.conf_check_ad348fdadee1201d8115091d62ad6eda/testbuild/testprog', '-Wl,-Bstatic', '-Wl,-Bdynamic']
-Wall -Wno-error=deprecated-declarations -fstrict-aliasing -Wstrict-aliasing
---------------------------------------------------------
Checking for compilation flag -Wl,--soname=foo... support
==>
int main() { return 0; }
<==
[1/1] Compiling [32mbuild/.conf_check_dbb01e6f2915a3e0955d4d5128907086/test.cpp[0m

['/usr/bin/g++', '-std=c++0x', '-std=c++11', '-O0', '-ggdb', '-g3', '-Wall', '-Wno-error=deprecated-declarations', '-fstrict-aliasing', '-Wstrict-aliasing', '-Wl,--soname=foo', '-DNS3_BUILD_PROFILE_DEBUG', '-DNS3_ASSERT_ENABLE', '-DNS3_LOG_ENABLE', '../test.cpp', '-c', '-o', '/terra/ndnSIMx/ns-3/build/.conf_check_dbb01e6f2915a3e0955d4d5128907086/testbuild/test.cpp.1.o']
ok
---------------------------------------------------------
Checking for program 'python'
/usr/bin/python
find program=['python'] paths=['/usr/local/texlive/2014/bin/i386-linux', '/extra/markreyn/.rvm/gems/ruby-2.1.0/bin', '/extra/markreyn/.rvm/gems/ruby-2.1.0@global/bin', '/extra/markreyn/.rvm/rubies/ruby-2.1.0/bin', '/sbin', '/extra/markreyn/bin', '/usr/local/sbin', '/usr/local/bin', '/usr/sbin', '/usr/bin', '/sbin', '/bin', '/usr/games', '/usr/local/games', '/usr/bin', '/extra/markreyn/.rvm/bin', '/extra/markreyn/CodeSourcery/Sourcery_G++_Lite/bin', '/extra/markreyn/CodeSourcery/Sourcery_CodeBench_for_ARM_GNU_Linux/bin', '/usr/sbin', '/extra/markreyn/android-sdk-linux/build-tools/19.1.0', '/extra/markreyn/android-sdk-linux/tools', '/extra/markreyn/android-sdk-linux/platform-tools', '/extra2/local/bin', '/extra/markreyn/.rvm/bin'] var='PYTHON' -> ['/usr/bin/python']
['/usr/bin/python', '-c', 'import imp;print(imp.get_tag())']
err: Traceback (most recent call last):
  File "<string>", line 1, in <module>
AttributeError: 'module' object has no attribute 'get_tag'

['/usr/bin/python', '-c', 'import sys\nfor x in sys.version_info: print(str(x))']
out: 2
7
6
final
0

['/usr/bin/python', '-c', "from distutils.sysconfig import get_config_var, get_python_lib\n\nprint(repr(get_python_lib(standard_lib=0, prefix='/usr/local') or ''))"]
out: '/usr/local/lib/python2.7/dist-packages'

'/usr/local/lib/python2.7/dist-packages'

['/usr/bin/python', '-c', "from distutils.sysconfig import get_config_var, get_python_lib\n\nprint(repr(get_python_lib(plat_specific=1, standard_lib=0, prefix='/usr/local') or ''))"]
out: '/usr/local/lib/python2.7/dist-packages'

'/usr/local/lib/python2.7/dist-packages'

---------------------------------------------------------
Checking for python version
(2, 7, 6, 'final', 0)
['/usr/bin/python', '-c', "from distutils.sysconfig import get_config_var, get_python_lib\n\nprint(repr(get_config_var('prefix') or ''))\nprint(repr(get_config_var('SO') or ''))\nprint(repr(get_config_var('LDFLAGS') or ''))\nprint(repr(get_config_var('LIBDIR') or ''))\nprint(repr(get_config_var('LIBPL') or ''))\nprint(repr(get_config_var('INCLUDEPY') or ''))\nprint(repr(get_config_var('Py_ENABLE_SHARED') or ''))\nprint(repr(get_config_var('MACOSX_DEPLOYMENT_TARGET') or ''))\nprint(repr(get_config_var('LDSHARED') or ''))\nprint(repr(get_config_var('CFLAGS') or ''))\nprint(repr(get_config_var('LDVERSION') or ''))"]
out: '/usr'
'.so'
'-Wl,-Bsymbolic-functions -Wl,-z,relro'
'/usr/lib'
'/usr/lib/python2.7/config-i386-linux-gnu'
'/usr/include/python2.7'
1
''
'i686-linux-gnu-gcc -pthread -shared -Wl,-O1 -Wl,-Bsymbolic-functions -Wl,-Bsymbolic-functions -Wl,-z,relro -fno-strict-aliasing -DNDEBUG -g -fwrapv -O2 -Wall -Wstrict-prototypes -D_FORTIFY_SOURCE=2 -g -fstack-protector --param=ssp-buffer-size=4 -Wformat -Werror=format-security  '
'-fno-strict-aliasing -DNDEBUG -g -fwrapv -O2 -Wall -Wstrict-prototypes -D_FORTIFY_SOURCE=2 -g -fstack-protector --param=ssp-buffer-size=4 -Wformat -Werror=format-security  '
''

'/usr'
'.so'
'-Wl,-Bsymbolic-functions -Wl,-z,relro'
'/usr/lib'
'/usr/lib/python2.7/config-i386-linux-gnu'
'/usr/include/python2.7'
1
''
'i686-linux-gnu-gcc -pthread -shared -Wl,-O1 -Wl,-Bsymbolic-functions -Wl,-Bsymbolic-functions -Wl,-z,relro -fno-strict-aliasing -DNDEBUG -g -fwrapv -O2 -Wall -Wstrict-prototypes -D_FORTIFY_SOURCE=2 -g -fstack-protector --param=ssp-buffer-size=4 -Wformat -Werror=format-security  '
'-fno-strict-aliasing -DNDEBUG -g -fwrapv -O2 -Wall -Wstrict-prototypes -D_FORTIFY_SOURCE=2 -g -fstack-protector --param=ssp-buffer-size=4 -Wformat -Werror=format-security  '
''

Configuration returned from ['/usr/bin/python']:
prefix = '/usr'
SO = '.so'
LDFLAGS = '-Wl,-Bsymbolic-functions -Wl,-z,relro'
LIBDIR = '/usr/lib'
LIBPL = '/usr/lib/python2.7/config-i386-linux-gnu'
INCLUDEPY = '/usr/include/python2.7'
Py_ENABLE_SHARED = 1
MACOSX_DEPLOYMENT_TARGET = ''
LDSHARED = 'i686-linux-gnu-gcc -pthread -shared -Wl,-O1 -Wl,-Bsymbolic-functions -Wl,-Bsymbolic-functions -Wl,-z,relro -fno-strict-aliasing -DNDEBUG -g -fwrapv -O2 -Wall -Wstrict-prototypes -D_FORTIFY_SOURCE=2 -g -fstack-protector --param=ssp-buffer-size=4 -Wformat -Werror=format-security  '
CFLAGS = '-fno-strict-aliasing -DNDEBUG -g -fwrapv -O2 -Wall -Wstrict-prototypes -D_FORTIFY_SOURCE=2 -g -fstack-protector --param=ssp-buffer-size=4 -Wformat -Werror=format-security  '
LDVERSION = ''

---------------------------------------------------------
python-config
/usr/bin/python-config
find program=['/usr/bin/python-config', 'python2.7-config', 'python-config-2.7', 'python2.7m-config'] paths=['/usr/local/texlive/2014/bin/i386-linux', '/extra/markreyn/.rvm/gems/ruby-2.1.0/bin', '/extra/markreyn/.rvm/gems/ruby-2.1.0@global/bin', '/extra/markreyn/.rvm/rubies/ruby-2.1.0/bin', '/sbin', '/extra/markreyn/bin', '/usr/local/sbin', '/usr/local/bin', '/usr/sbin', '/usr/bin', '/sbin', '/bin', '/usr/games', '/usr/local/games', '/usr/bin', '/extra/markreyn/.rvm/bin', '/extra/markreyn/CodeSourcery/Sourcery_G++_Lite/bin', '/extra/markreyn/CodeSourcery/Sourcery_CodeBench_for_ARM_GNU_Linux/bin', '/usr/sbin', '/extra/markreyn/android-sdk-linux/build-tools/19.1.0', '/extra/markreyn/android-sdk-linux/tools', '/extra/markreyn/android-sdk-linux/platform-tools', '/extra2/local/bin', '/extra/markreyn/.rvm/bin'] var='PYTHON_CONFIG' -> ['/usr/bin/python-config']
------------------------------------------------------------------
Asking python-config for pyembed '--cflags --libs --ldflags' flags
['/usr/bin/python-config', '--cflags', '--libs', '--ldflags']
out: -I/usr/include/python2.7 -I/usr/include/i386-linux-gnu/python2.7  -fno-strict-aliasing -D_FORTIFY_SOURCE=2 -g -fstack-protector --param=ssp-buffer-size=4 -Wformat -Werror=format-security  -DNDEBUG -g -fwrapv -O2 -Wall -Wstrict-prototypes
-lpthread -ldl  -lutil -lm  -lpython2.7
-L/usr/lib/python2.7/config-i386-linux-gnu -L/usr/lib -lpthread -ldl  -lutil -lm  -lpython2.7 -Xlinker -export-dynamic -Wl,-O1 -Wl,-Bsymbolic-functions

yes
------------------------------------------------------------------
Getting pyembed flags from python-config
==>

#include <Python.h>
#ifdef __cplusplus
extern "C" {
#endif
	void Py_Initialize(void);
	void Py_Finalize(void);
#ifdef __cplusplus
}
#endif
int main(int argc, char **argv)
{
   (void)argc; (void)argv;
   Py_Initialize();
   Py_Finalize();
   return 0;
}

<==
[1/2] Compiling [32mbuild/.conf_check_09d58862aacece628c2f34c4fbea2035/test.cpp[0m

['/usr/bin/g++', '-std=c++0x', '-std=c++11', '-O0', '-ggdb', '-g3', '-Wall', '-Wno-error=deprecated-declarations', '-fstrict-aliasing', '-Wstrict-aliasing', '-fno-strict-aliasing', '-fstack-protector', '-fwrapv', '-I/usr/include/python2.7', '-I/usr/include/i386-linux-gnu/python2.7', '-DNS3_BUILD_PROFILE_DEBUG', '-DNS3_ASSERT_ENABLE', '-DNS3_LOG_ENABLE', '-DPYTHONDIR="/usr/local/lib/python2.7/dist-packages"', '-DPYTHONARCHDIR="/usr/local/lib/python2.7/dist-packages"', '-DHAVE_PYEMBED=1', '-D_FORTIFY_SOURCE=2', '-DNDEBUG', '../test.cpp', '-c', '-o', '/terra/ndnSIMx/ns-3/build/.conf_check_09d58862aacece628c2f34c4fbea2035/testbuild/test.cpp.1.o']
[2/2] Linking [33mbuild/.conf_check_09d58862aacece628c2f34c4fbea2035/testbuild/testprog[0m

['/usr/bin/g++', '-Xlinker', '-export-dynamic', '-Wl,-O1', '-Wl,-Bsymbolic-functions', 'test.cpp.1.o', '-o', '/terra/ndnSIMx/ns-3/build/.conf_check_09d58862aacece628c2f34c4fbea2035/testbuild/testprog', '-Wl,-Bstatic', '-Wl,-Bdynamic', '-L/usr/lib/python2.7/config-i386-linux-gnu', '-L/usr/lib', '-lpthread', '-ldl', '-lutil', '-lm', '-lpython2.7']
yes
------------------------------------------------------------------
Asking python-config for pyext '--cflags --libs --ldflags' flags
['/usr/bin/python-config', '--cflags', '--libs', '--ldflags']
out: -I/usr/include/python2.7 -I/usr/include/i386-linux-gnu/python2.7  -fno-strict-aliasing -D_FORTIFY_SOURCE=2 -g -fstack-protector --param=ssp-buffer-size=4 -Wformat -Werror=format-security  -DNDEBUG -g -fwrapv -O2 -Wall -Wstrict-prototypes
-lpthread -ldl  -lutil -lm  -lpython2.7
-L/usr/lib/python2.7/config-i386-linux-gnu -L/usr/lib -lpthread -ldl  -lutil -lm  -lpython2.7 -Xlinker -export-dynamic -Wl,-O1 -Wl,-Bsymbolic-functions

yes
------------------------------------------------------------------
Getting pyext flags from python-config
==>

#include <Python.h>
#ifdef __cplusplus
extern "C" {
#endif
	void Py_Initialize(void);
	void Py_Finalize(void);
#ifdef __cplusplus
}
#endif
int main(int argc, char **argv)
{
   (void)argc; (void)argv;
   Py_Initialize();
   Py_Finalize();
   return 0;
}

<==
[1/2] Compiling [32mbuild/.conf_check_bd1e68e62da89f5d886b7fd197d216d9/test.cpp[0m

['/usr/bin/g++', '-std=c++0x', '-std=c++11', '-O0', '-ggdb', '-g3', '-Wall', '-Wno-error=deprecated-declarations', '-fstrict-aliasing', '-Wstrict-aliasing', '-fPIC', '-fno-strict-aliasing', '-fstack-protector', '-fwrapv', '-I/usr/include/python2.7', '-I/usr/include/i386-linux-gnu/python2.7', '-DNS3_BUILD_PROFILE_DEBUG', '-DNS3_ASSERT_ENABLE', '-DNS3_LOG_ENABLE', '-DPYTHONDIR="/usr/local/lib/python2.7/dist-packages"', '-DPYTHONARCHDIR="/usr/local/lib/python2.7/dist-packages"', '-DHAVE_PYEMBED=1', '-DHAVE_PYEXT=1', '-D_FORTIFY_SOURCE=2', '-DNDEBUG', '../test.cpp', '-c', '-o', '/terra/ndnSIMx/ns-3/build/.conf_check_bd1e68e62da89f5d886b7fd197d216d9/testbuild/test.cpp.1.o']
[2/2] Linking [33mbuild/.conf_check_bd1e68e62da89f5d886b7fd197d216d9/testbuild/testprog.so[0m

['/usr/bin/g++', '-shared', '-Xlinker', '-export-dynamic', '-Wl,-O1', '-Wl,-Bsymbolic-functions', 'test.cpp.1.o', '-o', '/terra/ndnSIMx/ns-3/build/.conf_check_bd1e68e62da89f5d886b7fd197d216d9/testbuild/testprog.so', '-Wl,-Bstatic', '-Wl,-Bdynamic', '-L/usr/lib/python2.7/config-i386-linux-gnu', '-L/usr/lib', '-lpthread', '-ldl', '-lutil', '-lm', '-lpython2.7']
yes
------------------------------------------------------------------
Checking for compilation flag -fvisibility=hidden... support
==>
int main() { return 0; }
<==
[1/1] Compiling [32mbuild/.conf_check_dbb01e6f2915a3e0955d4d5128907086/test.cpp[0m

['/usr/bin/g++', '-std=c++0x', '-std=c++11', '-O0', '-ggdb', '-g3', '-Wall', '-Wno-error=deprecated-declarations', '-fstrict-aliasing', '-Wstrict-aliasing', '-fvisibility=hidden', '-DNS3_BUILD_PROFILE_DEBUG', '-DNS3_ASSERT_ENABLE', '-DNS3_LOG_ENABLE', '-DPYTHONDIR="/usr/local/lib/python2.7/dist-packages"', '-DPYTHONARCHDIR="/usr/local/lib/python2.7/dist-packages"', '-DHAVE_PYEMBED=1', '-DHAVE_PYEXT=1', '-DHAVE_PYTHON_H=1', '../test.cpp', '-c', '-o', '/terra/ndnSIMx/ns-3/build/.conf_check_dbb01e6f2915a3e0955d4d5128907086/testbuild/test.cpp.1.o']
ok
------------------------------------------------------------------
Checking for compilation flag -Wno-array-bounds... support
==>
int main() { return 0; }
<==
[1/1] Compiling [32mbuild/.conf_check_dbb01e6f2915a3e0955d4d5128907086/test.cpp[0m

['/usr/bin/g++', '-std=c++0x', '-std=c++11', '-O0', '-ggdb', '-g3', '-Wall', '-Wno-error=deprecated-declarations', '-fstrict-aliasing', '-Wstrict-aliasing', '-Wno-array-bounds', '-DNS3_BUILD_PROFILE_DEBUG', '-DNS3_ASSERT_ENABLE', '-DNS3_LOG_ENABLE', '-DPYTHONDIR="/usr/local/lib/python2.7/dist-packages"', '-DPYTHONARCHDIR="/usr/local/lib/python2.7/dist-packages"', '-DHAVE_PYEMBED=1', '-DHAVE_PYEXT=1', '-DHAVE_PYTHON_H=1', '../test.cpp', '-c', '-o', '/terra/ndnSIMx/ns-3/build/.conf_check_dbb01e6f2915a3e0955d4d5128907086/testbuild/test.cpp.1.o']
ok
------------------------------------------------------------------
Checking for pybindgen location
../pybindgen (guessed)
------------------------------------------------------------------
Checking for python module 'pybindgen'
['/usr/bin/python', '-c', "\nimport pybindgen as current_module\nversion = getattr(current_module, '__version__', None)\nif version is not None:\n\tprint(str(version))\nelse:\n\tprint('unknown version')\n"]
out: 0.17.0.post45+ng4806e4f

0.17.0.post45+ng4806e4f
------------------------------------------------------------------
Checking for pybindgen version
0.17.0.post45+ng4806e4f
------------------------------------------------------------------
Checking for code snippet
==>

#include <stdint.h>
#include <vector>

int main ()
{
   std::vector< uint64_t > t = std::vector< unsigned long > ();
   return 0;
}

<==
[1/1] Compiling [32mbuild/.conf_check_0ae817f3d0b16e04869b43394291f161/test.cpp[0m

['/usr/bin/g++', '-std=c++0x', '-std=c++11', '-O0', '-ggdb', '-g3', '-Wall', '-Wno-error=deprecated-declarations', '-fstrict-aliasing', '-Wstrict-aliasing', '-DNS3_BUILD_PROFILE_DEBUG', '-DNS3_ASSERT_ENABLE', '-DNS3_LOG_ENABLE', '-DPYTHONDIR="/usr/local/lib/python2.7/dist-packages"', '-DPYTHONARCHDIR="/usr/local/lib/python2.7/dist-packages"', '-DHAVE_PYEMBED=1', '-DHAVE_PYEXT=1', '-DHAVE_PYTHON_H=1', '../test.cpp', '-c', '-o', '/terra/ndnSIMx/ns-3/build/.conf_check_0ae817f3d0b16e04869b43394291f161/testbuild/test.cpp.1.o']
err: ../test.cpp: In function â€˜int main()â€™:
../test.cpp:7:62: error: conversion from â€˜std::vector<long unsigned int>â€™ to non-scalar type â€˜std::vector<long long unsigned int>â€™ requested
    std::vector< uint64_t > t = std::vector< unsigned long > ();
                                                              ^

from /terra/ndnSIMx/ns-3/bindings/python: Test does not build: Traceback (most recent call last):
  File "/terra/ndnSIMx/ns-3/.waf-1.8.12-f00e5b53f6bbeab1384a38c9cc5d51f7/waflib/Configure.py", line 339, in run_build
    bld.compile()
  File "/terra/ndnSIMx/ns-3/.waf-1.8.12-f00e5b53f6bbeab1384a38c9cc5d51f7/waflib/Build.py", line 182, in compile
    raise Errors.BuildError(self.producer.error)
BuildError: Build failed
 -> task in 'testprog' failed (exit status 1): 
	{task 3068297772L: cxx test.cpp -> test.cpp.1.o}
['/usr/bin/g++', '-std=c++0x', '-std=c++11', '-O0', '-ggdb', '-g3', '-Wall', '-Wno-error=deprecated-declarations', '-fstrict-aliasing', '-Wstrict-aliasing', '-DNS3_BUILD_PROFILE_DEBUG', '-DNS3_ASSERT_ENABLE', '-DNS3_LOG_ENABLE', '-DPYTHONDIR="/usr/local/lib/python2.7/dist-packages"', '-DPYTHONARCHDIR="/usr/local/lib/python2.7/dist-packages"', '-DHAVE_PYEMBED=1', '-DHAVE_PYEXT=1', '-DHAVE_PYTHON_H=1', '../test.cpp', '-c', '-o', '/terra/ndnSIMx/ns-3/build/.conf_check_0ae817f3d0b16e04869b43394291f161/testbuild/test.cpp.1.o']

no
from /terra/ndnSIMx/ns-3/bindings/python: The configuration failed
------------------------------------------------------------------
Checking for types uint64_t and unsigned long equivalence
yes
------------------------------------------------------------------
Checking for code snippet
==>

#include <stdint.h>
#include <vector>

int main ()
{
   std::vector< uint64_t > t = std::vector< unsigned long long > ();
   return 0;
}

<==
[1/1] Compiling [32mbuild/.conf_check_4d7aac192822458f7969207aff1b157e/test.cpp[0m

['/usr/bin/g++', '-std=c++0x', '-std=c++11', '-O0', '-ggdb', '-g3', '-Wall', '-Wno-error=deprecated-declarations', '-fstrict-aliasing', '-Wstrict-aliasing', '-DNS3_BUILD_PROFILE_DEBUG', '-DNS3_ASSERT_ENABLE', '-DNS3_LOG_ENABLE', '-DPYTHONDIR="/usr/local/lib/python2.7/dist-packages"', '-DPYTHONARCHDIR="/usr/local/lib/python2.7/dist-packages"', '-DHAVE_PYEMBED=1', '-DHAVE_PYEXT=1', '-DHAVE_PYTHON_H=1', '../test.cpp', '-c', '-o', '/terra/ndnSIMx/ns-3/build/.conf_check_4d7aac192822458f7969207aff1b157e/testbuild/test.cpp.1.o']
yes
------------------------------------------------------------------
Checking for types uint64_t and unsigned long long equivalence
no
------------------------------------------------------------------
Checking for the apidefs that can be used for Python bindings
gcc-ILP32
------------------------------------------------------------------
Checking for internal GCC cxxabi
==>

# include <cxxabi.h>
int main ()
{
   const abi::__si_class_type_info *_typeinfo  __attribute__((unused)) = NULL;
   return 0;
}

<==
[1/2] Compiling [32mbuild/.conf_check_9b9f292a99e3973d2e48d90afc1878e5/test.cpp[0m

['/usr/bin/g++', '-std=c++0x', '-std=c++11', '-O0', '-ggdb', '-g3', '-Wall', '-Wno-error=deprecated-declarations', '-fstrict-aliasing', '-Wstrict-aliasing', '-DNS3_BUILD_PROFILE_DEBUG', '-DNS3_ASSERT_ENABLE', '-DNS3_LOG_ENABLE', '-DPYTHONDIR="/usr/local/lib/python2.7/dist-packages"', '-DPYTHONARCHDIR="/usr/local/lib/python2.7/dist-packages"', '-DHAVE_PYEMBED=1', '-DHAVE_PYEXT=1', '-DHAVE_PYTHON_H=1', '../test.cpp', '-c', '-o', '/terra/ndnSIMx/ns-3/build/.conf_check_9b9f292a99e3973d2e48d90afc1878e5/testbuild/test.cpp.1.o']
[2/2] Linking [33mbuild/.conf_check_9b9f292a99e3973d2e48d90afc1878e5/testbuild/testprog[0m

['/usr/bin/g++', 'test.cpp.1.o', '-o', '/terra/ndnSIMx/ns-3/build/.conf_check_9b9f292a99e3973d2e48d90afc1878e5/testbuild/testprog', '-Wl,-Bstatic', '-Wl,-Bdynamic']
complete
------------------------------------------------------------------
Checking for python module 'pygccxml'
['/usr/bin/python', '-c', "\nimport pygccxml as current_module\nversion = getattr(current_module, '__version__', None)\nif version is not None:\n\tprint(str(version))\nelse:\n\tprint('unknown version')\n"]
out: 1.0.0

1.0.0
------------------------------------------------------------------
Checking for pygccxml version
1.0.0
------------------------------------------------------------------
Checking for program 'gccxml'
/usr/bin/gccxml
find program=['gccxml'] paths=['/usr/local/texlive/2014/bin/i386-linux', '/extra/markreyn/.rvm/gems/ruby-2.1.0/bin', '/extra/markreyn/.rvm/gems/ruby-2.1.0@global/bin', '/extra/markreyn/.rvm/rubies/ruby-2.1.0/bin', '/sbin', '/extra/markreyn/bin', '/usr/local/sbin', '/usr/local/bin', '/usr/sbin', '/usr/bin', '/sbin', '/bin', '/usr/games', '/usr/local/games', '/usr/bin', '/extra/markreyn/.rvm/bin', '/extra/markreyn/CodeSourcery/Sourcery_G++_Lite/bin', '/extra/markreyn/CodeSourcery/Sourcery_CodeBench_for_ARM_GNU_Linux/bin', '/usr/sbin', '/extra/markreyn/android-sdk-linux/build-tools/19.1.0', '/extra/markreyn/android-sdk-linux/tools', '/extra/markreyn/android-sdk-linux/platform-tools', '/extra2/local/bin', '/extra/markreyn/.rvm/bin'] var='GCCXML' -> ['/usr/bin/gccxml']
------------------------------------------------------------------
Checking for gccxml version
0.9.0
------------------------------------------------------------------
Checking boost includes
1_54
------------------------------------------------------------------
Checking boost libs
Found the boost path in /usr/lib/i386-linux-gnu with the libraries:
    /usr/lib/i386-linux-gnu/libboost_atomic.a
    /usr/lib/i386-linux-gnu/libboost_atomic.so
    /usr/lib/i386-linux-gnu/libboost_atomic.so.1.54.0
    /usr/lib/i386-linux-gnu/libboost_chrono.a
    /usr/lib/i386-linux-gnu/libboost_chrono.so
    /usr/lib/i386-linux-gnu/libboost_chrono.so.1.54.0
    /usr/lib/i386-linux-gnu/libboost_context.a
    /usr/lib/i386-linux-gnu/libboost_context.so
    /usr/lib/i386-linux-gnu/libboost_context.so.1.54.0
    /usr/lib/i386-linux-gnu/libboost_coroutine.a
    /usr/lib/i386-linux-gnu/libboost_date_time.a
    /usr/lib/i386-linux-gnu/libboost_date_time.so
    /usr/lib/i386-linux-gnu/libboost_date_time.so.1.54.0
    /usr/lib/i386-linux-gnu/libboost_exception.a
    /usr/lib/i386-linux-gnu/libboost_filesystem.a
    /usr/lib/i386-linux-gnu/libboost_filesystem.so
    /usr/lib/i386-linux-gnu/libboost_filesystem.so.1.54.0
    /usr/lib/i386-linux-gnu/libboost_graph.a
    /usr/lib/i386-linux-gnu/libboost_graph.so
    /usr/lib/i386-linux-gnu/libboost_graph.so.1.54.0
    /usr/lib/i386-linux-gnu/libboost_graph_parallel.a
    /usr/lib/i386-linux-gnu/libboost_graph_parallel.so
    /usr/lib/i386-linux-gnu/libboost_graph_parallel.so.1.54.0
    /usr/lib/i386-linux-gnu/libboost_iostreams.a
    /usr/lib/i386-linux-gnu/libboost_iostreams.so
    /usr/lib/i386-linux-gnu/libboost_iostreams.so.1.54.0
    /usr/lib/i386-linux-gnu/libboost_locale.a
    /usr/lib/i386-linux-gnu/libboost_locale.so
    /usr/lib/i386-linux-gnu/libboost_locale.so.1.54.0
    /usr/lib/i386-linux-gnu/libboost_log.a
    /usr/lib/i386-linux-gnu/libboost_log.so
    /usr/lib/i386-linux-gnu/libboost_log.so.1.54.0
    /usr/lib/i386-linux-gnu/libboost_log_setup.a
    /usr/lib/i386-linux-gnu/libboost_log_setup.so
    /usr/lib/i386-linux-gnu/libboost_log_setup.so.1.54.0
    /usr/lib/i386-linux-gnu/libboost_math_c99.a
    /usr/lib/i386-linux-gnu/libboost_math_c99.so
    /usr/lib/i386-linux-gnu/libboost_math_c99.so.1.54.0
    /usr/lib/i386-linux-gnu/libboost_math_c99f.a
    /usr/lib/i386-linux-gnu/libboost_math_c99f.so
    /usr/lib/i386-linux-gnu/libboost_math_c99f.so.1.54.0
    /usr/lib/i386-linux-gnu/libboost_math_c99l.a
    /usr/lib/i386-linux-gnu/libboost_math_c99l.so
    /usr/lib/i386-linux-gnu/libboost_math_c99l.so.1.54.0
    /usr/lib/i386-linux-gnu/libboost_math_tr1.a
    /usr/lib/i386-linux-gnu/libboost_math_tr1.so
    /usr/lib/i386-linux-gnu/libboost_math_tr1.so.1.54.0
    /usr/lib/i386-linux-gnu/libboost_math_tr1f.a
    /usr/lib/i386-linux-gnu/libboost_math_tr1f.so
    /usr/lib/i386-linux-gnu/libboost_math_tr1f.so.1.54.0
    /usr/lib/i386-linux-gnu/libboost_math_tr1l.a
    /usr/lib/i386-linux-gnu/libboost_math_tr1l.so
    /usr/lib/i386-linux-gnu/libboost_math_tr1l.so.1.54.0
    /usr/lib/i386-linux-gnu/libboost_mpi.a
    /usr/lib/i386-linux-gnu/libboost_mpi.so
    /usr/lib/i386-linux-gnu/libboost_mpi.so.1.54.0
    /usr/lib/i386-linux-gnu/libboost_mpi_python-py27.a
    /usr/lib/i386-linux-gnu/libboost_mpi_python-py27.so
    /usr/lib/i386-linux-gnu/libboost_mpi_python-py27.so.1.54.0
    /usr/lib/i386-linux-gnu/libboost_mpi_python-py34.a
    /usr/lib/i386-linux-gnu/libboost_mpi_python-py34.so
    /usr/lib/i386-linux-gnu/libboost_mpi_python-py34.so.1.54.0
    /usr/lib/i386-linux-gnu/libboost_mpi_python.a
    /usr/lib/i386-linux-gnu/libboost_mpi_python.so
    /usr/lib/i386-linux-gnu/libboost_prg_exec_monitor.a
    /usr/lib/i386-linux-gnu/libboost_prg_exec_monitor.so
    /usr/lib/i386-linux-gnu/libboost_prg_exec_monitor.so.1.54.0
    /usr/lib/i386-linux-gnu/libboost_program_options.a
    /usr/lib/i386-linux-gnu/libboost_program_options.so
    /usr/lib/i386-linux-gnu/libboost_program_options.so.1.54.0
    /usr/lib/i386-linux-gnu/libboost_python-py27.a
    /usr/lib/i386-linux-gnu/libboost_python-py27.so
    /usr/lib/i386-linux-gnu/libboost_python-py27.so.1.54.0
    /usr/lib/i386-linux-gnu/libboost_python-py34.a
    /usr/lib/i386-linux-gnu/libboost_python-py34.so
    /usr/lib/i386-linux-gnu/libboost_python-py34.so.1.54.0
    /usr/lib/i386-linux-gnu/libboost_python.a
    /usr/lib/i386-linux-gnu/libboost_python.so
    /usr/lib/i386-linux-gnu/libboost_random.a
    /usr/lib/i386-linux-gnu/libboost_random.so
    /usr/lib/i386-linux-gnu/libboost_random.so.1.54.0
    /usr/lib/i386-linux-gnu/libboost_regex.a
    /usr/lib/i386-linux-gnu/libboost_regex.so
    /usr/lib/i386-linux-gnu/libboost_regex.so.1.54.0
    /usr/lib/i386-linux-gnu/libboost_serialization.a
    /usr/lib/i386-linux-gnu/libboost_serialization.so
    /usr/lib/i386-linux-gnu/libboost_serialization.so.1.54.0
    /usr/lib/i386-linux-gnu/libboost_signals.a
    /usr/lib/i386-linux-gnu/libboost_signals.so
    /usr/lib/i386-linux-gnu/libboost_signals.so.1.54.0
    /usr/lib/i386-linux-gnu/libboost_system.a
    /usr/lib/i386-linux-gnu/libboost_system.so
    /usr/lib/i386-linux-gnu/libboost_system.so.1.54.0
    /usr/lib/i386-linux-gnu/libboost_test_exec_monitor.a
    /usr/lib/i386-linux-gnu/libboost_thread.a
    /usr/lib/i386-linux-gnu/libboost_thread.so
    /usr/lib/i386-linux-gnu/libboost_thread.so.1.54.0
    /usr/lib/i386-linux-gnu/libboost_timer.a
    /usr/lib/i386-linux-gnu/libboost_timer.so
    /usr/lib/i386-linux-gnu/libboost_timer.so.1.54.0
    /usr/lib/i386-linux-gnu/libboost_unit_test_framework.a
    /usr/lib/i386-linux-gnu/libboost_unit_test_framework.so
    /usr/lib/i386-linux-gnu/libboost_unit_test_framework.so.1.54.0
    /usr/lib/i386-linux-gnu/libboost_wave.a
    /usr/lib/i386-linux-gnu/libboost_wave.so
    /usr/lib/i386-linux-gnu/libboost_wave.so.1.54.0
    /usr/lib/i386-linux-gnu/libboost_wserialization.a
    /usr/lib/i386-linux-gnu/libboost_wserialization.so
    /usr/lib/i386-linux-gnu/libboost_wserialization.so.1.54.0
Trying pattern boost_graph(-gcc[0-9]{0,3})-1_54.so$
Trying pattern boost_graph-1_54.so$
Trying pattern boost_graph(-gcc[0-9]{0,3}).so$
Trying pattern boost_graph.so$
Found boost lib libboost_graph.so
Trying pattern boost_thread(-gcc[0-9]{0,3})-1_54.so$
Trying pattern boost_thread-1_54.so$
Trying pattern boost_thread(-gcc[0-9]{0,3}).so$
Trying pattern boost_thread.so$
Found boost lib libboost_thread.so
Trying pattern boost_unit_test_framework(-gcc[0-9]{0,3})-1_54.so$
Trying pattern boost_unit_test_framework-1_54.so$
Trying pattern boost_unit_test_framework(-gcc[0-9]{0,3}).so$
Trying pattern boost_unit_test_framework.so$
Found boost lib libboost_unit_test_framework.so
Trying pattern boost_system(-gcc[0-9]{0,3})-1_54.so$
Trying pattern boost_system-1_54.so$
Trying pattern boost_system(-gcc[0-9]{0,3}).so$
Trying pattern boost_system.so$
Found boost lib libboost_system.so
Trying pattern boost_random(-gcc[0-9]{0,3})-1_54.so$
Trying pattern boost_random-1_54.so$
Trying pattern boost_random(-gcc[0-9]{0,3}).so$
Trying pattern boost_random.so$
Found boost lib libboost_random.so
Trying pattern boost_date_time(-gcc[0-9]{0,3})-1_54.so$
Trying pattern boost_date_time-1_54.so$
Trying pattern boost_date_time(-gcc[0-9]{0,3}).so$
Trying pattern boost_date_time.so$
Found boost lib libboost_date_time.so
Trying pattern boost_iostreams(-gcc[0-9]{0,3})-1_54.so$
Trying pattern boost_iostreams-1_54.so$
Trying pattern boost_iostreams(-gcc[0-9]{0,3}).so$
Trying pattern boost_iostreams.so$
Found boost lib libboost_iostreams.so
Trying pattern boost_regex(-gcc[0-9]{0,3})-1_54.so$
Trying pattern boost_regex-1_54.so$
Trying pattern boost_regex(-gcc[0-9]{0,3}).so$
Trying pattern boost_regex.so$
Found boost lib libboost_regex.so
Trying pattern boost_program_options(-gcc[0-9]{0,3})-1_54.so$
Trying pattern boost_program_options-1_54.so$
Trying pattern boost_program_options(-gcc[0-9]{0,3}).so$
Trying pattern boost_program_options.so$
Found boost lib libboost_program_options.so
Trying pattern boost_chrono(-gcc[0-9]{0,3})-1_54.so$
Trying pattern boost_chrono-1_54.so$
Trying pattern boost_chrono(-gcc[0-9]{0,3}).so$
Trying pattern boost_chrono.so$
Found boost lib libboost_chrono.so
Trying pattern boost_filesystem(-gcc[0-9]{0,3})-1_54.so$
Trying pattern boost_filesystem-1_54.so$
Trying pattern boost_filesystem(-gcc[0-9]{0,3}).so$
Trying pattern boost_filesystem.so$
Found boost lib libboost_filesystem.so
Trying pattern boost_system(-gcc[0-9]{0,3})-1_54.so$
Trying pattern boost_system-1_54.so$
Trying pattern boost_system(-gcc[0-9]{0,3}).so$
Trying pattern boost_system.so$
Found boost lib libboost_system.so
Trying pattern boost_signals(-gcc[0-9]{0,3})-1_54.so$
Trying pattern boost_signals-1_54.so$
Trying pattern boost_signals(-gcc[0-9]{0,3}).so$
Trying pattern boost_signals.so$
Found boost lib libboost_signals.so
Trying pattern boost_filesystem(-gcc[0-9]{0,3})-1_54.so$
Trying pattern boost_filesystem-1_54.so$
Trying pattern boost_filesystem(-gcc[0-9]{0,3}).so$
Trying pattern boost_filesystem.so$
Found boost lib libboost_filesystem.so
ok
------------------------------------------------------------------
Checking for boost linkage
==>

#include <boost/system/error_code.hpp>
int main() { boost::system::error_code c; }

<==
[1/2] Compiling [32mbuild/.conf_check_3616599abb5ebf6502080f8163fe5897/test.cpp[0m

['/usr/bin/g++', '-std=c++0x', '-std=c++11', '-O0', '-ggdb', '-g3', '-Wall', '-Wno-error=deprecated-declarations', '-fstrict-aliasing', '-Wstrict-aliasing', '-I/usr/include', '-DNS3_BUILD_PROFILE_DEBUG', '-DNS3_ASSERT_ENABLE', '-DNS3_LOG_ENABLE', '-DPYTHONDIR="/usr/local/lib/python2.7/dist-packages"', '-DPYTHONARCHDIR="/usr/local/lib/python2.7/dist-packages"', '-DHAVE_PYEMBED=1', '-DHAVE_PYEXT=1', '-DHAVE_PYTHON_H=1', '../test.cpp', '-c', '-o', '/terra/ndnSIMx/ns-3/build/.conf_check_3616599abb5ebf6502080f8163fe5897/testbuild/test.cpp.1.o']
[2/2] Linking [33mbuild/.conf_check_3616599abb5ebf6502080f8163fe5897/testbuild/testprog[0m

['/usr/bin/g++', 'test.cpp.1.o', '-o', '/terra/ndnSIMx/ns-3/build/.conf_check_3616599abb5ebf6502080f8163fe5897/testbuild/testprog', '-Wl,-Bstatic', '-Wl,-Bdynamic', '-L/usr/lib/i386-linux-gnu', '-lboost_graph', '-lboost_thread', '-lboost_unit_test_framework', '-lboost_system', '-lboost_random', '-lboost_date_time', '-lboost_iostreams', '-lboost_regex', '-lboost_program_options', '-lboost_chrono', '-lboost_filesystem', '-lboost_system', '-lboost_signals', '-lboost_filesystem']
==>

#include <boost/thread.hpp>
int main() { boost::thread t; }

<==
[1/2] Compiling [32mbuild/.conf_check_90a2fd885ef352009ddf825ed7d49053/test.cpp[0m

['/usr/bin/g++', '-std=c++0x', '-std=c++11', '-O0', '-ggdb', '-g3', '-Wall', '-Wno-error=deprecated-declarations', '-fstrict-aliasing', '-Wstrict-aliasing', '-I/usr/include', '-DNS3_BUILD_PROFILE_DEBUG', '-DNS3_ASSERT_ENABLE', '-DNS3_LOG_ENABLE', '-DPYTHONDIR="/usr/local/lib/python2.7/dist-packages"', '-DPYTHONARCHDIR="/usr/local/lib/python2.7/dist-packages"', '-DHAVE_PYEMBED=1', '-DHAVE_PYEXT=1', '-DHAVE_PYTHON_H=1', '../test.cpp', '-c', '-o', '/terra/ndnSIMx/ns-3/build/.conf_check_90a2fd885ef352009ddf825ed7d49053/testbuild/test.cpp.1.o']
[2/2] Linking [33mbuild/.conf_check_90a2fd885ef352009ddf825ed7d49053/testbuild/testprog[0m

['/usr/bin/g++', 'test.cpp.1.o', '-o', '/terra/ndnSIMx/ns-3/build/.conf_check_90a2fd885ef352009ddf825ed7d49053/testbuild/testprog', '-Wl,-Bstatic', '-Wl,-Bdynamic', '-L/usr/lib/i386-linux-gnu', '-lboost_graph', '-lboost_thread', '-lboost_unit_test_framework', '-lboost_system', '-lboost_random', '-lboost_date_time', '-lboost_iostreams', '-lboost_regex', '-lboost_program_options', '-lboost_chrono', '-lboost_filesystem', '-lboost_system', '-lboost_signals', '-lboost_filesystem']
ok
------------------------------------------------------------------
Checking for click location
not found
------------------------------------------------------------------
Checking for program 'pkg-config'
/usr/bin/pkg-config
find program=['pkg-config'] paths=['/usr/local/texlive/2014/bin/i386-linux', '/extra/markreyn/.rvm/gems/ruby-2.1.0/bin', '/extra/markreyn/.rvm/gems/ruby-2.1.0@global/bin', '/extra/markreyn/.rvm/rubies/ruby-2.1.0/bin', '/sbin', '/extra/markreyn/bin', '/usr/local/sbin', '/usr/local/bin', '/usr/sbin', '/usr/bin', '/sbin', '/bin', '/usr/games', '/usr/local/games', '/usr/bin', '/extra/markreyn/.rvm/bin', '/extra/markreyn/CodeSourcery/Sourcery_G++_Lite/bin', '/extra/markreyn/CodeSourcery/Sourcery_CodeBench_for_ARM_GNU_Linux/bin', '/usr/sbin', '/extra/markreyn/android-sdk-linux/build-tools/19.1.0', '/extra/markreyn/android-sdk-linux/tools', '/extra/markreyn/android-sdk-linux/platform-tools', '/extra2/local/bin', '/extra/markreyn/.rvm/bin'] var='PKGCONFIG' -> ['/usr/bin/pkg-config']
------------------------------------------------------------------
Checking for 'gtk+-2.0' >= 2.12
['/usr/bin/pkg-config', '--atleast-version=2.12', 'gtk+-2.0']
['/usr/bin/pkg-config', '--cflags', '--libs', 'gtk+-2.0']
out: -pthread -I/usr/include/gtk-2.0 -I/usr/lib/i386-linux-gnu/gtk-2.0/include -I/usr/include/atk-1.0 -I/usr/include/cairo -I/usr/include/gdk-pixbuf-2.0 -I/usr/include/pango-1.0 -I/usr/include/gio-unix-2.0/ -I/usr/include/freetype2 -I/usr/include/glib-2.0 -I/usr/lib/i386-linux-gnu/glib-2.0/include -I/usr/include/pixman-1 -I/usr/include/libpng12 -I/usr/include/harfbuzz  -lgtk-x11-2.0 -lgdk-x11-2.0 -latk-1.0 -lgio-2.0 -lpangoft2-1.0 -lpangocairo-1.0 -lgdk_pixbuf-2.0 -lcairo -lpango-1.0 -lfontconfig -lgobject-2.0 -lglib-2.0 -lfreetype  

yes
------------------------------------------------------------------
Checking for 'libxml-2.0' >= 2.7
['/usr/bin/pkg-config', '--atleast-version=2.7', 'libxml-2.0']
['/usr/bin/pkg-config', '--cflags', '--libs', 'libxml-2.0']
out: -I/usr/include/libxml2  -lxml2  

yes
------------------------------------------------------------------
Checking for type uint128_t
==>
#include <stdint.h>

int main(int argc, char **argv) {
	(void)argc; (void)argv;
	if ((uint128_t *) 0) return 0;
	if (sizeof (uint128_t)) return 0;
	return 1;
}

<==
[1/2] Compiling [32mbuild/.conf_check_4a31e1dbf68eecec05a3eabd4a3f822c/test.cpp[0m

['/usr/bin/g++', '-std=c++0x', '-std=c++11', '-O0', '-ggdb', '-g3', '-Wall', '-Wno-error=deprecated-declarations', '-fstrict-aliasing', '-Wstrict-aliasing', '-DNS3_BUILD_PROFILE_DEBUG', '-DNS3_ASSERT_ENABLE', '-DNS3_LOG_ENABLE', '../test.cpp', '-c', '-o', '/terra/ndnSIMx/ns-3/build/.conf_check_4a31e1dbf68eecec05a3eabd4a3f822c/testbuild/test.cpp.1.o']
err: ../test.cpp: In function â€˜int main(int, char**)â€™:
../test.cpp:5:7: error: â€˜uint128_tâ€™ was not declared in this scope
  if ((uint128_t *) 0) return 0;
       ^
../test.cpp:5:18: error: expected primary-expression before â€˜)â€™ token
  if ((uint128_t *) 0) return 0;
                  ^
../test.cpp:5:20: error: expected â€˜)â€™ before numeric constant
  if ((uint128_t *) 0) return 0;
                    ^
../test.cpp:6:14: error: â€˜uint128_tâ€™ was not declared in this scope
  if (sizeof (uint128_t)) return 0;
              ^

from /terra/ndnSIMx/ns-3/src/core: Test does not build: Traceback (most recent call last):
  File "/terra/ndnSIMx/ns-3/.waf-1.8.12-f00e5b53f6bbeab1384a38c9cc5d51f7/waflib/Configure.py", line 339, in run_build
    bld.compile()
  File "/terra/ndnSIMx/ns-3/.waf-1.8.12-f00e5b53f6bbeab1384a38c9cc5d51f7/waflib/Build.py", line 182, in compile
    raise Errors.BuildError(self.producer.error)
BuildError: Build failed
 -> task in 'testprog' failed (exit status 1): 
	{task 3068300876L: cxx test.cpp -> test.cpp.1.o}
['/usr/bin/g++', '-std=c++0x', '-std=c++11', '-O0', '-ggdb', '-g3', '-Wall', '-Wno-error=deprecated-declarations', '-fstrict-aliasing', '-Wstrict-aliasing', '-DNS3_BUILD_PROFILE_DEBUG', '-DNS3_ASSERT_ENABLE', '-DNS3_LOG_ENABLE', '../test.cpp', '-c', '-o', '/terra/ndnSIMx/ns-3/build/.conf_check_4a31e1dbf68eecec05a3eabd4a3f822c/testbuild/test.cpp.1.o']

not found
from /terra/ndnSIMx/ns-3/src/core: The configuration failed
------------------------------------------------------------------
Checking for type __uint128_t
==>
#include <stdint.h>

int main(int argc, char **argv) {
	(void)argc; (void)argv;
	if ((__uint128_t *) 0) return 0;
	if (sizeof (__uint128_t)) return 0;
	return 1;
}

<==
[1/2] Compiling [32mbuild/.conf_check_b4287a3d636786a7329b12ccf4c03f21/test.cpp[0m

['/usr/bin/g++', '-std=c++0x', '-std=c++11', '-O0', '-ggdb', '-g3', '-Wall', '-Wno-error=deprecated-declarations', '-fstrict-aliasing', '-Wstrict-aliasing', '-DNS3_BUILD_PROFILE_DEBUG', '-DNS3_ASSERT_ENABLE', '-DNS3_LOG_ENABLE', '../test.cpp', '-c', '-o', '/terra/ndnSIMx/ns-3/build/.conf_check_b4287a3d636786a7329b12ccf4c03f21/testbuild/test.cpp.1.o']
err: ../test.cpp: In function â€˜int main(int, char**)â€™:
../test.cpp:5:7: error: â€˜__uint128_tâ€™ was not declared in this scope
  if ((__uint128_t *) 0) return 0;
       ^
../test.cpp:5:20: error: expected primary-expression before â€˜)â€™ token
  if ((__uint128_t *) 0) return 0;
                    ^
../test.cpp:5:22: error: expected â€˜)â€™ before numeric constant
  if ((__uint128_t *) 0) return 0;
                      ^
../test.cpp:6:14: error: â€˜__uint128_tâ€™ was not declared in this scope
  if (sizeof (__uint128_t)) return 0;
              ^

from /terra/ndnSIMx/ns-3/src/core: Test does not build: Traceback (most recent call last):
  File "/terra/ndnSIMx/ns-3/.waf-1.8.12-f00e5b53f6bbeab1384a38c9cc5d51f7/waflib/Configure.py", line 339, in run_build
    bld.compile()
  File "/terra/ndnSIMx/ns-3/.waf-1.8.12-f00e5b53f6bbeab1384a38c9cc5d51f7/waflib/Build.py", line 182, in compile
    raise Errors.BuildError(self.producer.error)
BuildError: Build failed
 -> task in 'testprog' failed (exit status 1): 
	{task 3059079436L: cxx test.cpp -> test.cpp.1.o}
['/usr/bin/g++', '-std=c++0x', '-std=c++11', '-O0', '-ggdb', '-g3', '-Wall', '-Wno-error=deprecated-declarations', '-fstrict-aliasing', '-Wstrict-aliasing', '-DNS3_BUILD_PROFILE_DEBUG', '-DNS3_ASSERT_ENABLE', '-DNS3_LOG_ENABLE', '../test.cpp', '-c', '-o', '/terra/ndnSIMx/ns-3/build/.conf_check_b4287a3d636786a7329b12ccf4c03f21/testbuild/test.cpp.1.o']

not found
from /terra/ndnSIMx/ns-3/src/core: The configuration failed
------------------------------------------------------------------
Checking high precision implementation
cairo 128-bit integer (default)
------------------------------------------------------------------
Checking for header stdint.h
==>
#include <stdint.h>

int main(int argc, char **argv) {
	(void)argc; (void)argv;
	return 0;
}

<==
[1/2] Compiling [32mbuild/.conf_check_870dc51f1975ef996095b64b988c3ec1/test.cpp[0m

['/usr/bin/g++', '-std=c++0x', '-std=c++11', '-O0', '-ggdb', '-g3', '-Wall', '-Wno-error=deprecated-declarations', '-fstrict-aliasing', '-Wstrict-aliasing', '-DNS3_BUILD_PROFILE_DEBUG', '-DNS3_ASSERT_ENABLE', '-DNS3_LOG_ENABLE', '-DINT64X64_USE_CAIRO=1', '../test.cpp', '-c', '-o', '/terra/ndnSIMx/ns-3/build/.conf_check_870dc51f1975ef996095b64b988c3ec1/testbuild/test.cpp.1.o']
[2/2] Linking [33mbuild/.conf_check_870dc51f1975ef996095b64b988c3ec1/testbuild/testprog[0m

['/usr/bin/g++', 'test.cpp.1.o', '-o', '/terra/ndnSIMx/ns-3/build/.conf_check_870dc51f1975ef996095b64b988c3ec1/testbuild/testprog', '-Wl,-Bstatic', '-Wl,-Bdynamic']
yes
------------------------------------------------------------------
Checking for header inttypes.h
==>
#include <inttypes.h>

int main(int argc, char **argv) {
	(void)argc; (void)argv;
	return 0;
}

<==
[1/2] Compiling [32mbuild/.conf_check_a21b45ea9e11c89025531c1b6a1fd8c2/test.cpp[0m

['/usr/bin/g++', '-std=c++0x', '-std=c++11', '-O0', '-ggdb', '-g3', '-Wall', '-Wno-error=deprecated-declarations', '-fstrict-aliasing', '-Wstrict-aliasing', '-DNS3_BUILD_PROFILE_DEBUG', '-DNS3_ASSERT_ENABLE', '-DNS3_LOG_ENABLE', '-DINT64X64_USE_CAIRO=1', '-DHAVE_STDINT_H=1', '../test.cpp', '-c', '-o', '/terra/ndnSIMx/ns-3/build/.conf_check_a21b45ea9e11c89025531c1b6a1fd8c2/testbuild/test.cpp.1.o']
[2/2] Linking [33mbuild/.conf_check_a21b45ea9e11c89025531c1b6a1fd8c2/testbuild/testprog[0m

['/usr/bin/g++', 'test.cpp.1.o', '-o', '/terra/ndnSIMx/ns-3/build/.conf_check_a21b45ea9e11c89025531c1b6a1fd8c2/testbuild/testprog', '-Wl,-Bstatic', '-Wl,-Bdynamic']
yes
------------------------------------------------------------------
Checking for header sys/inttypes.h
==>
#include <sys/inttypes.h>

int main(int argc, char **argv) {
	(void)argc; (void)argv;
	return 0;
}

<==
[1/2] Compiling [32mbuild/.conf_check_4d825787086d5b8a189e600b96b7d772/test.cpp[0m

['/usr/bin/g++', '-std=c++0x', '-std=c++11', '-O0', '-ggdb', '-g3', '-Wall', '-Wno-error=deprecated-declarations', '-fstrict-aliasing', '-Wstrict-aliasing', '-DNS3_BUILD_PROFILE_DEBUG', '-DNS3_ASSERT_ENABLE', '-DNS3_LOG_ENABLE', '-DINT64X64_USE_CAIRO=1', '-DHAVE_STDINT_H=1', '-DHAVE_INTTYPES_H=1', '../test.cpp', '-c', '-o', '/terra/ndnSIMx/ns-3/build/.conf_check_4d825787086d5b8a189e600b96b7d772/testbuild/test.cpp.1.o']
err: ../test.cpp:1:26: fatal error: sys/inttypes.h: No such file or directory
 #include <sys/inttypes.h>
                          ^
compilation terminated.

from /terra/ndnSIMx/ns-3/src/core: Test does not build: Traceback (most recent call last):
  File "/terra/ndnSIMx/ns-3/.waf-1.8.12-f00e5b53f6bbeab1384a38c9cc5d51f7/waflib/Configure.py", line 339, in run_build
    bld.compile()
  File "/terra/ndnSIMx/ns-3/.waf-1.8.12-f00e5b53f6bbeab1384a38c9cc5d51f7/waflib/Build.py", line 182, in compile
    raise Errors.BuildError(self.producer.error)
BuildError: Build failed
 -> task in 'testprog' failed (exit status 1): 
	{task 3049014764L: cxx test.cpp -> test.cpp.1.o}
['/usr/bin/g++', '-std=c++0x', '-std=c++11', '-O0', '-ggdb', '-g3', '-Wall', '-Wno-error=deprecated-declarations', '-fstrict-aliasing', '-Wstrict-aliasing', '-DNS3_BUILD_PROFILE_DEBUG', '-DNS3_ASSERT_ENABLE', '-DNS3_LOG_ENABLE', '-DINT64X64_USE_CAIRO=1', '-DHAVE_STDINT_H=1', '-DHAVE_INTTYPES_H=1', '../test.cpp', '-c', '-o', '/terra/ndnSIMx/ns-3/build/.conf_check_4d825787086d5b8a189e600b96b7d772/testbuild/test.cpp.1.o']

not found
from /terra/ndnSIMx/ns-3/src/core: The configuration failed
------------------------------------------------------------------
Checking for header sys/types.h
==>
#include <sys/types.h>

int main(int argc, char **argv) {
	(void)argc; (void)argv;
	return 0;
}

<==
[1/2] Compiling [32mbuild/.conf_check_e6117880f7b1deb592831c550f3da5c1/test.cpp[0m

['/usr/bin/g++', '-std=c++0x', '-std=c++11', '-O0', '-ggdb', '-g3', '-Wall', '-Wno-error=deprecated-declarations', '-fstrict-aliasing', '-Wstrict-aliasing', '-DNS3_BUILD_PROFILE_DEBUG', '-DNS3_ASSERT_ENABLE', '-DNS3_LOG_ENABLE', '-DINT64X64_USE_CAIRO=1', '-DHAVE_STDINT_H=1', '-DHAVE_INTTYPES_H=1', '../test.cpp', '-c', '-o', '/terra/ndnSIMx/ns-3/build/.conf_check_e6117880f7b1deb592831c550f3da5c1/testbuild/test.cpp.1.o']
[2/2] Linking [33mbuild/.conf_check_e6117880f7b1deb592831c550f3da5c1/testbuild/testprog[0m

['/usr/bin/g++', 'test.cpp.1.o', '-o', '/terra/ndnSIMx/ns-3/build/.conf_check_e6117880f7b1deb592831c550f3da5c1/testbuild/testprog', '-Wl,-Bstatic', '-Wl,-Bdynamic']
yes
------------------------------------------------------------------
Checking for header sys/stat.h
==>
#include <sys/stat.h>

int main(int argc, char **argv) {
	(void)argc; (void)argv;
	return 0;
}

<==
[1/2] Compiling [32mbuild/.conf_check_8bcdafef5d383bcd67e46e77524649e4/test.cpp[0m

['/usr/bin/g++', '-std=c++0x', '-std=c++11', '-O0', '-ggdb', '-g3', '-Wall', '-Wno-error=deprecated-declarations', '-fstrict-aliasing', '-Wstrict-aliasing', '-DNS3_BUILD_PROFILE_DEBUG', '-DNS3_ASSERT_ENABLE', '-DNS3_LOG_ENABLE', '-DINT64X64_USE_CAIRO=1', '-DHAVE_STDINT_H=1', '-DHAVE_INTTYPES_H=1', '-DHAVE_SYS_TYPES_H=1', '../test.cpp', '-c', '-o', '/terra/ndnSIMx/ns-3/build/.conf_check_8bcdafef5d383bcd67e46e77524649e4/testbuild/test.cpp.1.o']
[2/2] Linking [33mbuild/.conf_check_8bcdafef5d383bcd67e46e77524649e4/testbuild/testprog[0m

['/usr/bin/g++', 'test.cpp.1.o', '-o', '/terra/ndnSIMx/ns-3/build/.conf_check_8bcdafef5d383bcd67e46e77524649e4/testbuild/testprog', '-Wl,-Bstatic', '-Wl,-Bdynamic']
yes
------------------------------------------------------------------
Checking for header dirent.h
==>
#include <dirent.h>

int main(int argc, char **argv) {
	(void)argc; (void)argv;
	return 0;
}

<==
[1/2] Compiling [32mbuild/.conf_check_381abf4307cf7cff0228a30a836d2350/test.cpp[0m

['/usr/bin/g++', '-std=c++0x', '-std=c++11', '-O0', '-ggdb', '-g3', '-Wall', '-Wno-error=deprecated-declarations', '-fstrict-aliasing', '-Wstrict-aliasing', '-DNS3_BUILD_PROFILE_DEBUG', '-DNS3_ASSERT_ENABLE', '-DNS3_LOG_ENABLE', '-DINT64X64_USE_CAIRO=1', '-DHAVE_STDINT_H=1', '-DHAVE_INTTYPES_H=1', '-DHAVE_SYS_TYPES_H=1', '-DHAVE_SYS_STAT_H=1', '../test.cpp', '-c', '-o', '/terra/ndnSIMx/ns-3/build/.conf_check_381abf4307cf7cff0228a30a836d2350/testbuild/test.cpp.1.o']
[2/2] Linking [33mbuild/.conf_check_381abf4307cf7cff0228a30a836d2350/testbuild/testprog[0m

['/usr/bin/g++', 'test.cpp.1.o', '-o', '/terra/ndnSIMx/ns-3/build/.conf_check_381abf4307cf7cff0228a30a836d2350/testbuild/testprog', '-Wl,-Bstatic', '-Wl,-Bdynamic']
yes
------------------------------------------------------------------
Checking for header stdlib.h
==>
#include <stdlib.h>

int main(int argc, char **argv) {
	(void)argc; (void)argv;
	return 0;
}

<==
[1/2] Compiling [32mbuild/.conf_check_a50cdcb007ef56bf041710f1c174b75c/test.cpp[0m

['/usr/bin/g++', '-std=c++0x', '-std=c++11', '-O0', '-ggdb', '-g3', '-Wall', '-Wno-error=deprecated-declarations', '-fstrict-aliasing', '-Wstrict-aliasing', '-DNS3_BUILD_PROFILE_DEBUG', '-DNS3_ASSERT_ENABLE', '-DNS3_LOG_ENABLE', '-DINT64X64_USE_CAIRO=1', '-DHAVE_STDINT_H=1', '-DHAVE_INTTYPES_H=1', '-DHAVE_SYS_TYPES_H=1', '-DHAVE_SYS_STAT_H=1', '-DHAVE_DIRENT_H=1', '../test.cpp', '-c', '-o', '/terra/ndnSIMx/ns-3/build/.conf_check_a50cdcb007ef56bf041710f1c174b75c/testbuild/test.cpp.1.o']
[2/2] Linking [33mbuild/.conf_check_a50cdcb007ef56bf041710f1c174b75c/testbuild/testprog[0m

['/usr/bin/g++', 'test.cpp.1.o', '-o', '/terra/ndnSIMx/ns-3/build/.conf_check_a50cdcb007ef56bf041710f1c174b75c/testbuild/testprog', '-Wl,-Bstatic', '-Wl,-Bdynamic']
yes
------------------------------------------------------------------
Checking for header signal.h
==>
#include <signal.h>

int main(int argc, char **argv) {
	(void)argc; (void)argv;
	return 0;
}

<==
[1/2] Compiling [32mbuild/.conf_check_1099200b98dd01b6e09d78afec298f0c/test.cpp[0m

['/usr/bin/g++', '-std=c++0x', '-std=c++11', '-O0', '-ggdb', '-g3', '-Wall', '-Wno-error=deprecated-declarations', '-fstrict-aliasing', '-Wstrict-aliasing', '-DNS3_BUILD_PROFILE_DEBUG', '-DNS3_ASSERT_ENABLE', '-DNS3_LOG_ENABLE', '-DINT64X64_USE_CAIRO=1', '-DHAVE_STDINT_H=1', '-DHAVE_INTTYPES_H=1', '-DHAVE_SYS_TYPES_H=1', '-DHAVE_SYS_STAT_H=1', '-DHAVE_DIRENT_H=1', '-DHAVE_STDLIB_H=1', '-DHAVE_GETENV=1', '../test.cpp', '-c', '-o', '/terra/ndnSIMx/ns-3/build/.conf_check_1099200b98dd01b6e09d78afec298f0c/testbuild/test.cpp.1.o']
[2/2] Linking [33mbuild/.conf_check_1099200b98dd01b6e09d78afec298f0c/testbuild/testprog[0m

['/usr/bin/g++', 'test.cpp.1.o', '-o', '/terra/ndnSIMx/ns-3/build/.conf_check_1099200b98dd01b6e09d78afec298f0c/testbuild/testprog', '-Wl,-Bstatic', '-Wl,-Bdynamic']
yes
------------------------------------------------------------------
Checking for header pthread.h
==>

#include <pthread.h>
int main ()
{
   pthread_mutex_t m;
   pthread_mutex_init (&m, NULL);
   return 0;
}

<==
[1/2] Compiling [32mbuild/.conf_check_820d55f41b16e52bd4b85eef5649e3c6/test.cpp[0m

['/usr/bin/g++', '-std=c++0x', '-std=c++11', '-O0', '-ggdb', '-g3', '-Wall', '-Wno-error=deprecated-declarations', '-fstrict-aliasing', '-Wstrict-aliasing', '-pthread', '-DNS3_BUILD_PROFILE_DEBUG', '-DNS3_ASSERT_ENABLE', '-DNS3_LOG_ENABLE', '-DINT64X64_USE_CAIRO=1', '-DHAVE_STDINT_H=1', '-DHAVE_INTTYPES_H=1', '-DHAVE_SYS_TYPES_H=1', '-DHAVE_SYS_STAT_H=1', '-DHAVE_DIRENT_H=1', '-DHAVE_STDLIB_H=1', '-DHAVE_GETENV=1', '-DHAVE_SIGNAL_H=1', '../test.cpp', '-c', '-o', '/terra/ndnSIMx/ns-3/build/.conf_check_820d55f41b16e52bd4b85eef5649e3c6/testbuild/test.cpp.1.o']
[2/2] Linking [33mbuild/.conf_check_820d55f41b16e52bd4b85eef5649e3c6/testbuild/testprog[0m

['/usr/bin/g++', '-pthread', 'test.cpp.1.o', '-o', '/terra/ndnSIMx/ns-3/build/.conf_check_820d55f41b16e52bd4b85eef5649e3c6/testbuild/testprog', '-Wl,-Bstatic', '-Wl,-Bdynamic']
yes
------------------------------------------------------------------
Checking for header stdint.h
==>
#include <stdint.h>

int main(int argc, char **argv) {
	(void)argc; (void)argv;
	return 0;
}

<==
[1/2] Compiling [32mbuild/.conf_check_870dc51f1975ef996095b64b988c3ec1/test.cpp[0m

['/usr/bin/g++', '-std=c++0x', '-std=c++11', '-O0', '-ggdb', '-g3', '-Wall', '-Wno-error=deprecated-declarations', '-fstrict-aliasing', '-Wstrict-aliasing', '-DNS3_BUILD_PROFILE_DEBUG', '-DNS3_ASSERT_ENABLE', '-DNS3_LOG_ENABLE', '-DINT64X64_USE_CAIRO=1', '-DHAVE_INTTYPES_H=1', '-DHAVE_SYS_TYPES_H=1', '-DHAVE_SYS_STAT_H=1', '-DHAVE_DIRENT_H=1', '-DHAVE_STDLIB_H=1', '-DHAVE_GETENV=1', '-DHAVE_SIGNAL_H=1', '-DHAVE_PTHREAD_H=1', '../test.cpp', '-c', '-o', '/terra/ndnSIMx/ns-3/build/.conf_check_870dc51f1975ef996095b64b988c3ec1/testbuild/test.cpp.1.o']
[2/2] Linking [33mbuild/.conf_check_870dc51f1975ef996095b64b988c3ec1/testbuild/testprog[0m

['/usr/bin/g++', 'test.cpp.1.o', '-o', '/terra/ndnSIMx/ns-3/build/.conf_check_870dc51f1975ef996095b64b988c3ec1/testbuild/testprog', '-Wl,-Bstatic', '-Wl,-Bdynamic']
yes
------------------------------------------------------------------
Checking for header inttypes.h
==>
#include <inttypes.h>

int main(int argc, char **argv) {
	(void)argc; (void)argv;
	return 0;
}

<==
[1/2] Compiling [32mbuild/.conf_check_a21b45ea9e11c89025531c1b6a1fd8c2/test.cpp[0m

['/usr/bin/g++', '-std=c++0x', '-std=c++11', '-O0', '-ggdb', '-g3', '-Wall', '-Wno-error=deprecated-declarations', '-fstrict-aliasing', '-Wstrict-aliasing', '-DNS3_BUILD_PROFILE_DEBUG', '-DNS3_ASSERT_ENABLE', '-DNS3_LOG_ENABLE', '-DINT64X64_USE_CAIRO=1', '-DHAVE_SYS_TYPES_H=1', '-DHAVE_SYS_STAT_H=1', '-DHAVE_DIRENT_H=1', '-DHAVE_STDLIB_H=1', '-DHAVE_GETENV=1', '-DHAVE_SIGNAL_H=1', '-DHAVE_PTHREAD_H=1', '-DHAVE_STDINT_H=1', '../test.cpp', '-c', '-o', '/terra/ndnSIMx/ns-3/build/.conf_check_a21b45ea9e11c89025531c1b6a1fd8c2/testbuild/test.cpp.1.o']
[2/2] Linking [33mbuild/.conf_check_a21b45ea9e11c89025531c1b6a1fd8c2/testbuild/testprog[0m

['/usr/bin/g++', 'test.cpp.1.o', '-o', '/terra/ndnSIMx/ns-3/build/.conf_check_a21b45ea9e11c89025531c1b6a1fd8c2/testbuild/testprog', '-Wl,-Bstatic', '-Wl,-Bdynamic']
yes
------------------------------------------------------------------
Checking for header sys/inttypes.h
==>
#include <sys/inttypes.h>

int main(int argc, char **argv) {
	(void)argc; (void)argv;
	return 0;
}

<==
[1/2] Compiling [32mbuild/.conf_check_4d825787086d5b8a189e600b96b7d772/test.cpp[0m

['/usr/bin/g++', '-std=c++0x', '-std=c++11', '-O0', '-ggdb', '-g3', '-Wall', '-Wno-error=deprecated-declarations', '-fstrict-aliasing', '-Wstrict-aliasing', '-DNS3_BUILD_PROFILE_DEBUG', '-DNS3_ASSERT_ENABLE', '-DNS3_LOG_ENABLE', '-DINT64X64_USE_CAIRO=1', '-DHAVE_SYS_TYPES_H=1', '-DHAVE_SYS_STAT_H=1', '-DHAVE_DIRENT_H=1', '-DHAVE_STDLIB_H=1', '-DHAVE_GETENV=1', '-DHAVE_SIGNAL_H=1', '-DHAVE_PTHREAD_H=1', '-DHAVE_STDINT_H=1', '-DHAVE_INTTYPES_H=1', '../test.cpp', '-c', '-o', '/terra/ndnSIMx/ns-3/build/.conf_check_4d825787086d5b8a189e600b96b7d772/testbuild/test.cpp.1.o']
err: ../test.cpp:1:26: fatal error: sys/inttypes.h: No such file or directory
 #include <sys/inttypes.h>
                          ^
compilation terminated.

from /terra/ndnSIMx/ns-3/src/core: Test does not build: Traceback (most recent call last):
  File "/terra/ndnSIMx/ns-3/.waf-1.8.12-f00e5b53f6bbeab1384a38c9cc5d51f7/waflib/Configure.py", line 339, in run_build
    bld.compile()
  File "/terra/ndnSIMx/ns-3/.waf-1.8.12-f00e5b53f6bbeab1384a38c9cc5d51f7/waflib/Build.py", line 182, in compile
    raise Errors.BuildError(self.producer.error)
BuildError: Build failed
 -> task in 'testprog' failed (exit status 1): 
	{task 3068305036L: cxx test.cpp -> test.cpp.1.o}
['/usr/bin/g++', '-std=c++0x', '-std=c++11', '-O0', '-ggdb', '-g3', '-Wall', '-Wno-error=deprecated-declarations', '-fstrict-aliasing', '-Wstrict-aliasing', '-DNS3_BUILD_PROFILE_DEBUG', '-DNS3_ASSERT_ENABLE', '-DNS3_LOG_ENABLE', '-DINT64X64_USE_CAIRO=1', '-DHAVE_SYS_TYPES_H=1', '-DHAVE_SYS_STAT_H=1', '-DHAVE_DIRENT_H=1', '-DHAVE_STDLIB_H=1', '-DHAVE_GETENV=1', '-DHAVE_SIGNAL_H=1', '-DHAVE_PTHREAD_H=1', '-DHAVE_STDINT_H=1', '-DHAVE_INTTYPES_H=1', '../test.cpp', '-c', '-o', '/terra/ndnSIMx/ns-3/build/.conf_check_4d825787086d5b8a189e600b96b7d772/testbuild/test.cpp.1.o']

not found
from /terra/ndnSIMx/ns-3/src/core: The configuration failed
------------------------------------------------------------------
Checking for library rt
==>

int main(int argc, char **argv) {
	(void)argc; (void)argv;
	return 0;
}

<==
[1/2] Compiling [32mbuild/.conf_check_1fb35a94343c1e7b90a3cfbbc3e3f020/test.cpp[0m

['/usr/bin/g++', '-std=c++0x', '-std=c++11', '-O0', '-ggdb', '-g3', '-Wall', '-Wno-error=deprecated-declarations', '-fstrict-aliasing', '-Wstrict-aliasing', '-pthread', '-DNS3_BUILD_PROFILE_DEBUG', '-DNS3_ASSERT_ENABLE', '-DNS3_LOG_ENABLE', '-DINT64X64_USE_CAIRO=1', '-DHAVE_SYS_TYPES_H=1', '-DHAVE_SYS_STAT_H=1', '-DHAVE_DIRENT_H=1', '-DHAVE_STDLIB_H=1', '-DHAVE_GETENV=1', '-DHAVE_SIGNAL_H=1', '-DHAVE_PTHREAD_H=1', '-DHAVE_STDINT_H=1', '-DHAVE_INTTYPES_H=1', '../test.cpp', '-c', '-o', '/terra/ndnSIMx/ns-3/build/.conf_check_1fb35a94343c1e7b90a3cfbbc3e3f020/testbuild/test.cpp.1.o']
[2/2] Linking [33mbuild/.conf_check_1fb35a94343c1e7b90a3cfbbc3e3f020/testbuild/testprog[0m

['/usr/bin/g++', '-pthread', 'test.cpp.1.o', '-o', '/terra/ndnSIMx/ns-3/build/.conf_check_1fb35a94343c1e7b90a3cfbbc3e3f020/testbuild/testprog', '-Wl,-Bstatic', '-Wl,-Bdynamic', '-lrt']
yes
------------------------------------------------------------------
Checking for header sys/ioctl.h
==>
#include <sys/ioctl.h>

int main(int argc, char **argv) {
	(void)argc; (void)argv;
	return 0;
}

<==
[1/2] Compiling [32mbuild/.conf_check_7941bf5eafbced9026c4479b4c75d869/test.cpp[0m

['/usr/bin/g++', '-std=c++0x', '-std=c++11', '-O0', '-ggdb', '-g3', '-Wall', '-Wno-error=deprecated-declarations', '-fstrict-aliasing', '-Wstrict-aliasing', '-DNS3_BUILD_PROFILE_DEBUG', '-DNS3_ASSERT_ENABLE', '-DNS3_LOG_ENABLE', '../test.cpp', '-c', '-o', '/terra/ndnSIMx/ns-3/build/.conf_check_7941bf5eafbced9026c4479b4c75d869/testbuild/test.cpp.1.o']
[2/2] Linking [33mbuild/.conf_check_7941bf5eafbced9026c4479b4c75d869/testbuild/testprog[0m

['/usr/bin/g++', 'test.cpp.1.o', '-o', '/terra/ndnSIMx/ns-3/build/.conf_check_7941bf5eafbced9026c4479b4c75d869/testbuild/testprog', '-Wl,-Bstatic', '-Wl,-Bdynamic']
yes
------------------------------------------------------------------
Checking for header net/if.h
==>
#include <net/if.h>

int main(int argc, char **argv) {
	(void)argc; (void)argv;
	return 0;
}

<==
[1/2] Compiling [32mbuild/.conf_check_39bb0edfb3a48038907f0bac03496a24/test.cpp[0m

['/usr/bin/g++', '-std=c++0x', '-std=c++11', '-O0', '-ggdb', '-g3', '-Wall', '-Wno-error=deprecated-declarations', '-fstrict-aliasing', '-Wstrict-aliasing', '-DNS3_BUILD_PROFILE_DEBUG', '-DNS3_ASSERT_ENABLE', '-DNS3_LOG_ENABLE', '-DHAVE_SYS_IOCTL_H=1', '../test.cpp', '-c', '-o', '/terra/ndnSIMx/ns-3/build/.conf_check_39bb0edfb3a48038907f0bac03496a24/testbuild/test.cpp.1.o']
[2/2] Linking [33mbuild/.conf_check_39bb0edfb3a48038907f0bac03496a24/testbuild/testprog[0m

['/usr/bin/g++', 'test.cpp.1.o', '-o', '/terra/ndnSIMx/ns-3/build/.conf_check_39bb0edfb3a48038907f0bac03496a24/testbuild/testprog', '-Wl,-Bstatic', '-Wl,-Bdynamic']
yes
------------------------------------------------------------------
Checking for header net/ethernet.h
==>
#include <net/ethernet.h>

int main(int argc, char **argv) {
	(void)argc; (void)argv;
	return 0;
}

<==
[1/2] Compiling [32mbuild/.conf_check_14ed78fb1d72314b5e86b3105ab31291/test.cpp[0m

['/usr/bin/g++', '-std=c++0x', '-std=c++11', '-O0', '-ggdb', '-g3', '-Wall', '-Wno-error=deprecated-declarations', '-fstrict-aliasing', '-Wstrict-aliasing', '-DNS3_BUILD_PROFILE_DEBUG', '-DNS3_ASSERT_ENABLE', '-DNS3_LOG_ENABLE', '-DHAVE_SYS_IOCTL_H=1', '-DHAVE_IF_NETS_H=1', '../test.cpp', '-c', '-o', '/terra/ndnSIMx/ns-3/build/.conf_check_14ed78fb1d72314b5e86b3105ab31291/testbuild/test.cpp.1.o']
[2/2] Linking [33mbuild/.conf_check_14ed78fb1d72314b5e86b3105ab31291/testbuild/testprog[0m

['/usr/bin/g++', 'test.cpp.1.o', '-o', '/terra/ndnSIMx/ns-3/build/.conf_check_14ed78fb1d72314b5e86b3105ab31291/testbuild/testprog', '-Wl,-Bstatic', '-Wl,-Bdynamic']
yes
------------------------------------------------------------------
Checking for header linux/if_tun.h
==>
#include <linux/if_tun.h>

int main(int argc, char **argv) {
	(void)argc; (void)argv;
	return 0;
}

<==
[1/2] Compiling [32mbuild/.conf_check_cd9f5110eea25d2fbcc253c158ff9504/test.cpp[0m

['/usr/bin/g++', '-std=c++0x', '-std=c++11', '-O0', '-ggdb', '-g3', '-Wall', '-Wno-error=deprecated-declarations', '-fstrict-aliasing', '-Wstrict-aliasing', '-DNS3_BUILD_PROFILE_DEBUG', '-DNS3_ASSERT_ENABLE', '-DNS3_LOG_ENABLE', '-DHAVE_SYS_IOCTL_H=1', '-DHAVE_IF_NETS_H=1', '-DHAVE_NET_ETHERNET_H=1', '../test.cpp', '-c', '-o', '/terra/ndnSIMx/ns-3/build/.conf_check_cd9f5110eea25d2fbcc253c158ff9504/testbuild/test.cpp.1.o']
[2/2] Linking [33mbuild/.conf_check_cd9f5110eea25d2fbcc253c158ff9504/testbuild/testprog[0m

['/usr/bin/g++', 'test.cpp.1.o', '-o', '/terra/ndnSIMx/ns-3/build/.conf_check_cd9f5110eea25d2fbcc253c158ff9504/testbuild/testprog', '-Wl,-Bstatic', '-Wl,-Bdynamic']
yes
------------------------------------------------------------------
Checking for header netpacket/packet.h
==>
#include <netpacket/packet.h>

int main(int argc, char **argv) {
	(void)argc; (void)argv;
	return 0;
}

<==
[1/2] Compiling [32mbuild/.conf_check_af74731e141bf57faa58610220aca515/test.cpp[0m

['/usr/bin/g++', '-std=c++0x', '-std=c++11', '-O0', '-ggdb', '-g3', '-Wall', '-Wno-error=deprecated-declarations', '-fstrict-aliasing', '-Wstrict-aliasing', '-DNS3_BUILD_PROFILE_DEBUG', '-DNS3_ASSERT_ENABLE', '-DNS3_LOG_ENABLE', '-DHAVE_SYS_IOCTL_H=1', '-DHAVE_IF_NETS_H=1', '-DHAVE_NET_ETHERNET_H=1', '-DHAVE_IF_TUN_H=1', '../test.cpp', '-c', '-o', '/terra/ndnSIMx/ns-3/build/.conf_check_af74731e141bf57faa58610220aca515/testbuild/test.cpp.1.o']
[2/2] Linking [33mbuild/.conf_check_af74731e141bf57faa58610220aca515/testbuild/testprog[0m

['/usr/bin/g++', 'test.cpp.1.o', '-o', '/terra/ndnSIMx/ns-3/build/.conf_check_af74731e141bf57faa58610220aca515/testbuild/testprog', '-Wl,-Bstatic', '-Wl,-Bdynamic']
yes
------------------------------------------------------------------
Checking for NSC location
not found
------------------------------------------------------------------
Checking for 'mpic++'
['mpic++', '-showme']
out: g++ -I/usr/lib/openmpi/include -I/usr/lib/openmpi/include/openmpi -pthread -L/usr//lib -L/usr/lib/openmpi/lib -lmpi_cxx -lmpi -ldl -lhwloc

yes
------------------------------------------------------------------
Checking for program 'doxygen'
/usr/bin/doxygen
find program=['doxygen'] paths=['/usr/local/texlive/2014/bin/i386-linux', '/extra/markreyn/.rvm/gems/ruby-2.1.0/bin', '/extra/markreyn/.rvm/gems/ruby-2.1.0@global/bin', '/extra/markreyn/.rvm/rubies/ruby-2.1.0/bin', '/sbin', '/extra/markreyn/bin', '/usr/local/sbin', '/usr/local/bin', '/usr/sbin', '/usr/bin', '/sbin', '/bin', '/usr/games', '/usr/local/games', '/usr/bin', '/extra/markreyn/.rvm/bin', '/extra/markreyn/CodeSourcery/Sourcery_G++_Lite/bin', '/extra/markreyn/CodeSourcery/Sourcery_CodeBench_for_ARM_GNU_Linux/bin', '/usr/sbin', '/extra/markreyn/android-sdk-linux/build-tools/19.1.0', '/extra/markreyn/android-sdk-linux/tools', '/extra/markreyn/android-sdk-linux/platform-tools', '/extra2/local/bin', '/extra/markreyn/.rvm/bin'] var='DOXYGEN' -> ['/usr/bin/doxygen']
------------------------------------------------------------------
Checking for program 'tar'
/bin/tar
find program=['tar'] paths=['/usr/local/texlive/2014/bin/i386-linux', '/extra/markreyn/.rvm/gems/ruby-2.1.0/bin', '/extra/markreyn/.rvm/gems/ruby-2.1.0@global/bin', '/extra/markreyn/.rvm/rubies/ruby-2.1.0/bin', '/sbin', '/extra/markreyn/bin', '/usr/local/sbin', '/usr/local/bin', '/usr/sbin', '/usr/bin', '/sbin', '/bin', '/usr/games', '/usr/local/games', '/usr/bin', '/extra/markreyn/.rvm/bin', '/extra/markreyn/CodeSourcery/Sourcery_G++_Lite/bin', '/extra/markreyn/CodeSourcery/Sourcery_CodeBench_for_ARM_GNU_Linux/bin', '/usr/sbin', '/extra/markreyn/android-sdk-linux/build-tools/19.1.0', '/extra/markreyn/android-sdk-linux/tools', '/extra/markreyn/android-sdk-linux/platform-tools', '/extra2/local/bin', '/extra/markreyn/.rvm/bin'] var='TAR' -> ['/bin/tar']
------------------------------------------------------------------
Checking for program 'sphinx-build'
not found
find program=['sphinx-build'] paths=['/usr/local/texlive/2014/bin/i386-linux', '/extra/markreyn/.rvm/gems/ruby-2.1.0/bin', '/extra/markreyn/.rvm/gems/ruby-2.1.0@global/bin', '/extra/markreyn/.rvm/rubies/ruby-2.1.0/bin', '/sbin', '/extra/markreyn/bin', '/usr/local/sbin', '/usr/local/bin', '/usr/sbin', '/usr/bin', '/sbin', '/bin', '/usr/games', '/usr/local/games', '/usr/bin', '/extra/markreyn/.rvm/bin', '/extra/markreyn/CodeSourcery/Sourcery_G++_Lite/bin', '/extra/markreyn/CodeSourcery/Sourcery_CodeBench_for_ARM_GNU_Linux/bin', '/usr/sbin', '/extra/markreyn/android-sdk-linux/build-tools/19.1.0', '/extra/markreyn/android-sdk-linux/tools', '/extra/markreyn/android-sdk-linux/platform-tools', '/extra2/local/bin', '/extra/markreyn/.rvm/bin'] var='SPHINX_BUILD' -> None
from /terra/ndnSIMx/ns-3/src/ndnSIM: Could not find the program ['sphinx-build']
------------------------------------------------------------------
Checking for std::is_default_constructible
==>
#include <type_traits>
static_assert(std::is_default_constructible<int>::value, "");
<==
[1/1] Compiling [32mbuild/.conf_check_5387b827498e793fe52b065135188c87/test.cpp[0m

['/usr/bin/g++', '-std=c++0x', '-std=c++11', '-O0', '-ggdb', '-g3', '-Wall', '-Wno-error=deprecated-declarations', '-fstrict-aliasing', '-Wstrict-aliasing', '-DNS3_BUILD_PROFILE_DEBUG', '-DNS3_ASSERT_ENABLE', '-DNS3_LOG_ENABLE', '-DHAVE_SYS_IOCTL_H=1', '-DHAVE_IF_NETS_H=1', '-DHAVE_NET_ETHERNET_H=1', '-DHAVE_IF_TUN_H=1', '-DHAVE_PACKET_H=1', '../test.cpp', '-c', '-o', '/terra/ndnSIMx/ns-3/build/.conf_check_5387b827498e793fe52b065135188c87/testbuild/test.cpp.1.o']
yes
------------------------------------------------------------------
Checking for std::is_nothrow_move_constructible
==>
#include <type_traits>
static_assert(std::is_nothrow_move_constructible<int>::value, "");
<==
[1/1] Compiling [32mbuild/.conf_check_d6a84da517569b88b6f8b4b24740c395/test.cpp[0m

['/usr/bin/g++', '-std=c++0x', '-std=c++11', '-O0', '-ggdb', '-g3', '-Wall', '-Wno-error=deprecated-declarations', '-fstrict-aliasing', '-Wstrict-aliasing', '-DNS3_BUILD_PROFILE_DEBUG', '-DNS3_ASSERT_ENABLE', '-DNS3_LOG_ENABLE', '-DHAVE_SYS_IOCTL_H=1', '-DHAVE_IF_NETS_H=1', '-DHAVE_NET_ETHERNET_H=1', '-DHAVE_IF_TUN_H=1', '-DHAVE_PACKET_H=1', '-DHAVE_IS_DEFAULT_CONSTRUCTIBLE=1', '../test.cpp', '-c', '-o', '/terra/ndnSIMx/ns-3/build/.conf_check_d6a84da517569b88b6f8b4b24740c395/testbuild/test.cpp.1.o']
yes
------------------------------------------------------------------
Checking for std::is_nothrow_move_assignable
==>
#include <type_traits>
static_assert(std::is_nothrow_move_assignable<int>::value, "");
<==
[1/1] Compiling [32mbuild/.conf_check_b7959835181aec514a07db333fc4aff7/test.cpp[0m

['/usr/bin/g++', '-std=c++0x', '-std=c++11', '-O0', '-ggdb', '-g3', '-Wall', '-Wno-error=deprecated-declarations', '-fstrict-aliasing', '-Wstrict-aliasing', '-DNS3_BUILD_PROFILE_DEBUG', '-DNS3_ASSERT_ENABLE', '-DNS3_LOG_ENABLE', '-DHAVE_SYS_IOCTL_H=1', '-DHAVE_IF_NETS_H=1', '-DHAVE_NET_ETHERNET_H=1', '-DHAVE_IF_TUN_H=1', '-DHAVE_PACKET_H=1', '-DHAVE_IS_DEFAULT_CONSTRUCTIBLE=1', '-DHAVE_IS_NOTHROW_MOVE_CONSTRUCTIBLE=1', '../test.cpp', '-c', '-o', '/terra/ndnSIMx/ns-3/build/.conf_check_b7959835181aec514a07db333fc4aff7/testbuild/test.cpp.1.o']
yes
------------------------------------------------------------------
Checking for friend typename-specifier
==>

class A;

template<typename T>
class B
{
  friend T;
};

B<A> g_b;

<==
[1/1] Compiling [32mbuild/.conf_check_bc16271912dd678e19dc7051d5924f9b/test.cpp[0m

['/usr/bin/g++', '-std=c++0x', '-std=c++11', '-O0', '-ggdb', '-g3', '-Wall', '-Wno-error=deprecated-declarations', '-fstrict-aliasing', '-Wstrict-aliasing', '-DNS3_BUILD_PROFILE_DEBUG', '-DNS3_ASSERT_ENABLE', '-DNS3_LOG_ENABLE', '-DHAVE_SYS_IOCTL_H=1', '-DHAVE_IF_NETS_H=1', '-DHAVE_NET_ETHERNET_H=1', '-DHAVE_IF_TUN_H=1', '-DHAVE_PACKET_H=1', '-DHAVE_IS_DEFAULT_CONSTRUCTIBLE=1', '-DHAVE_IS_NOTHROW_MOVE_CONSTRUCTIBLE=1', '-DHAVE_IS_NOTHROW_MOVE_ASSIGNABLE=1', '../test.cpp', '-c', '-o', '/terra/ndnSIMx/ns-3/build/.conf_check_bc16271912dd678e19dc7051d5924f9b/testbuild/test.cpp.1.o']
yes
------------------------------------------------------------------
Checking for override and final specifiers
==>

class Base
{
  virtual void
  f(int a);
};

class Derived : public Base
{
  virtual void
  f(int a) override;
};

class Final : public Derived
{
  virtual void
  f(int a) final;
};

<==
[1/1] Compiling [32mbuild/.conf_check_133f15f0a1c8b8b4f36598601366dcc1/test.cpp[0m

['/usr/bin/g++', '-std=c++0x', '-std=c++11', '-O0', '-ggdb', '-g3', '-Wall', '-Wno-error=deprecated-declarations', '-fstrict-aliasing', '-Wstrict-aliasing', '-DNS3_BUILD_PROFILE_DEBUG', '-DNS3_ASSERT_ENABLE', '-DNS3_LOG_ENABLE', '-DHAVE_SYS_IOCTL_H=1', '-DHAVE_IF_NETS_H=1', '-DHAVE_NET_ETHERNET_H=1', '-DHAVE_IF_TUN_H=1', '-DHAVE_PACKET_H=1', '-DHAVE_IS_DEFAULT_CONSTRUCTIBLE=1', '-DHAVE_IS_NOTHROW_MOVE_CONSTRUCTIBLE=1', '-DHAVE_IS_NOTHROW_MOVE_ASSIGNABLE=1', '-DHAVE_CXX_FRIEND_TYPENAME=1', '../test.cpp', '-c', '-o', '/terra/ndnSIMx/ns-3/build/.conf_check_133f15f0a1c8b8b4f36598601366dcc1/testbuild/test.cpp.1.o']
yes
------------------------------------------------------------------
Checking for std::vector::insert with const_iterators
==>

#include <vector>
int
main()
{
  std::vector<int> v;
  std::vector<int>::const_iterator it = v.cbegin();

  v.insert(it, 2);
  it = v.cend() - 1;
  v.erase(it);
  return 0;
}

<==
[1/1] Compiling [32mbuild/.conf_check_f508e9b6eece2daec2e64fd366ca65f4/test.cpp[0m

['/usr/bin/g++', '-std=c++0x', '-std=c++11', '-O0', '-ggdb', '-g3', '-Wall', '-Wno-error=deprecated-declarations', '-fstrict-aliasing', '-Wstrict-aliasing', '-DNS3_BUILD_PROFILE_DEBUG', '-DNS3_ASSERT_ENABLE', '-DNS3_LOG_ENABLE', '-DHAVE_SYS_IOCTL_H=1', '-DHAVE_IF_NETS_H=1', '-DHAVE_NET_ETHERNET_H=1', '-DHAVE_IF_TUN_H=1', '-DHAVE_PACKET_H=1', '-DHAVE_IS_DEFAULT_CONSTRUCTIBLE=1', '-DHAVE_IS_NOTHROW_MOVE_CONSTRUCTIBLE=1', '-DHAVE_IS_NOTHROW_MOVE_ASSIGNABLE=1', '-DHAVE_CXX_FRIEND_TYPENAME=1', '-DHAVE_CXX_OVERRIDE_FINAL=1', '../test.cpp', '-c', '-o', '/terra/ndnSIMx/ns-3/build/.conf_check_f508e9b6eece2daec2e64fd366ca65f4/testbuild/test.cpp.1.o']
err: ../test.cpp: In function â€˜int main()â€™:
../test.cpp:9:17: error: no matching function for call to â€˜std::vector<int>::insert(std::vector<int>::const_iterator&, int)â€™
   v.insert(it, 2);
                 ^
../test.cpp:9:17: note: candidates are:
In file included from /usr/include/c++/4.8/vector:69:0,
                 from ../test.cpp:2:
/usr/include/c++/4.8/bits/vector.tcc:107:5: note: std::vector<_Tp, _Alloc>::iterator std::vector<_Tp, _Alloc>::insert(std::vector<_Tp, _Alloc>::iterator, const value_type&) [with _Tp = int; _Alloc = std::allocator<int>; std::vector<_Tp, _Alloc>::iterator = __gnu_cxx::__normal_iterator<int*, std::vector<int> >; typename std::_Vector_base<_Tp, _Alloc>::pointer = int*; std::vector<_Tp, _Alloc>::value_type = int]
     vector<_Tp, _Alloc>::
     ^
/usr/include/c++/4.8/bits/vector.tcc:107:5: note:   no known conversion for argument 1 from â€˜std::vector<int>::const_iterator {aka __gnu_cxx::__normal_iterator<const int*, std::vector<int> >}â€™ to â€˜std::vector<int>::iterator {aka __gnu_cxx::__normal_iterator<int*, std::vector<int> >}â€™
In file included from /usr/include/c++/4.8/vector:64:0,
                 from ../test.cpp:2:
/usr/include/c++/4.8/bits/stl_vector.h:988:7: note: std::vector<_Tp, _Alloc>::iterator std::vector<_Tp, _Alloc>::insert(std::vector<_Tp, _Alloc>::iterator, std::vector<_Tp, _Alloc>::value_type&&) [with _Tp = int; _Alloc = std::allocator<int>; std::vector<_Tp, _Alloc>::iterator = __gnu_cxx::__normal_iterator<int*, std::vector<int> >; typename std::_Vector_base<_Tp, _Alloc>::pointer = int*; std::vector<_Tp, _Alloc>::value_type = int]
       insert(iterator __position, value_type&& __x)
       ^
/usr/include/c++/4.8/bits/stl_vector.h:988:7: note:   no known conversion for argument 1 from â€˜std::vector<int>::const_iterator {aka __gnu_cxx::__normal_iterator<const int*, std::vector<int> >}â€™ to â€˜std::vector<int>::iterator {aka __gnu_cxx::__normal_iterator<int*, std::vector<int> >}â€™
/usr/include/c++/4.8/bits/stl_vector.h:1005:7: note: void std::vector<_Tp, _Alloc>::insert(std::vector<_Tp, _Alloc>::iterator, std::initializer_list<_Tp>) [with _Tp = int; _Alloc = std::allocator<int>; std::vector<_Tp, _Alloc>::iterator = __gnu_cxx::__normal_iterator<int*, std::vector<int> >; typename std::_Vector_base<_Tp, _Alloc>::pointer = int*]
       insert(iterator __position, initializer_list<value_type> __l)
       ^
/usr/include/c++/4.8/bits/stl_vector.h:1005:7: note:   no known conversion for argument 1 from â€˜std::vector<int>::const_iterator {aka __gnu_cxx::__normal_iterator<const int*, std::vector<int> >}â€™ to â€˜std::vector<int>::iterator {aka __gnu_cxx::__normal_iterator<int*, std::vector<int> >}â€™
/usr/include/c++/4.8/bits/stl_vector.h:1023:7: note: void std::vector<_Tp, _Alloc>::insert(std::vector<_Tp, _Alloc>::iterator, std::vector<_Tp, _Alloc>::size_type, const value_type&) [with _Tp = int; _Alloc = std::allocator<int>; std::vector<_Tp, _Alloc>::iterator = __gnu_cxx::__normal_iterator<int*, std::vector<int> >; typename std::_Vector_base<_Tp, _Alloc>::pointer = int*; std::vector<_Tp, _Alloc>::size_type = unsigned int; std::vector<_Tp, _Alloc>::value_type = int]
       insert(iterator __position, size_type __n, const value_type& __x)
       ^
/usr/include/c++/4.8/bits/stl_vector.h:1023:7: note:   candidate expects 3 arguments, 2 provided
/usr/include/c++/4.8/bits/stl_vector.h:1044:9: note: template<class _InputIterator, class> void std::vector<_Tp, _Alloc>::insert(std::vector<_Tp, _Alloc>::iterator, _InputIterator, _InputIterator) [with _InputIterator = _InputIterator; <template-parameter-2-2> = <template-parameter-1-2>; _Tp = int; _Alloc = std::allocator<int>]
         insert(iterator __position, _InputIterator __first,
         ^
/usr/include/c++/4.8/bits/stl_vector.h:1044:9: note:   template argument deduction/substitution failed:
../test.cpp:9:17: note:   cannot convert â€˜itâ€™ (type â€˜std::vector<int>::const_iterator {aka __gnu_cxx::__normal_iterator<const int*, std::vector<int> >}â€™) to type â€˜std::vector<int>::iterator {aka __gnu_cxx::__normal_iterator<int*, std::vector<int> >}â€™
   v.insert(it, 2);
                 ^
../test.cpp:11:13: error: no matching function for call to â€˜std::vector<int>::erase(std::vector<int>::const_iterator&)â€™
   v.erase(it);
             ^
../test.cpp:11:13: note: candidates are:
In file included from /usr/include/c++/4.8/vector:69:0,
                 from ../test.cpp:2:
/usr/include/c++/4.8/bits/vector.tcc:134:5: note: std::vector<_Tp, _Alloc>::iterator std::vector<_Tp, _Alloc>::erase(std::vector<_Tp, _Alloc>::iterator) [with _Tp = int; _Alloc = std::allocator<int>; std::vector<_Tp, _Alloc>::iterator = __gnu_cxx::__normal_iterator<int*, std::vector<int> >; typename std::_Vector_base<_Tp, _Alloc>::pointer = int*]
     vector<_Tp, _Alloc>::
     ^
/usr/include/c++/4.8/bits/vector.tcc:134:5: note:   no known conversion for argument 1 from â€˜std::vector<int>::const_iterator {aka __gnu_cxx::__normal_iterator<const int*, std::vector<int> >}â€™ to â€˜std::vector<int>::iterator {aka __gnu_cxx::__normal_iterator<int*, std::vector<int> >}â€™
/usr/include/c++/4.8/bits/vector.tcc:146:5: note: std::vector<_Tp, _Alloc>::iterator std::vector<_Tp, _Alloc>::erase(std::vector<_Tp, _Alloc>::iterator, std::vector<_Tp, _Alloc>::iterator) [with _Tp = int; _Alloc = std::allocator<int>; std::vector<_Tp, _Alloc>::iterator = __gnu_cxx::__normal_iterator<int*, std::vector<int> >; typename std::_Vector_base<_Tp, _Alloc>::pointer = int*]
     vector<_Tp, _Alloc>::
     ^
/usr/include/c++/4.8/bits/vector.tcc:146:5: note:   candidate expects 2 arguments, 1 provided

from /terra/ndnSIMx/ns-3/src/ndnSIM: Test does not build: Traceback (most recent call last):
  File "/terra/ndnSIMx/ns-3/.waf-1.8.12-f00e5b53f6bbeab1384a38c9cc5d51f7/waflib/Configure.py", line 339, in run_build
    bld.compile()
  File "/terra/ndnSIMx/ns-3/.waf-1.8.12-f00e5b53f6bbeab1384a38c9cc5d51f7/waflib/Build.py", line 182, in compile
    raise Errors.BuildError(self.producer.error)
BuildError: Build failed
 -> task in 'testprog' failed (exit status 1): 
	{task 3049016684L: cxx test.cpp -> test.cpp.1.o}
['/usr/bin/g++', '-std=c++0x', '-std=c++11', '-O0', '-ggdb', '-g3', '-Wall', '-Wno-error=deprecated-declarations', '-fstrict-aliasing', '-Wstrict-aliasing', '-DNS3_BUILD_PROFILE_DEBUG', '-DNS3_ASSERT_ENABLE', '-DNS3_LOG_ENABLE', '-DHAVE_SYS_IOCTL_H=1', '-DHAVE_IF_NETS_H=1', '-DHAVE_NET_ETHERNET_H=1', '-DHAVE_IF_TUN_H=1', '-DHAVE_PACKET_H=1', '-DHAVE_IS_DEFAULT_CONSTRUCTIBLE=1', '-DHAVE_IS_NOTHROW_MOVE_CONSTRUCTIBLE=1', '-DHAVE_IS_NOTHROW_MOVE_ASSIGNABLE=1', '-DHAVE_CXX_FRIEND_TYPENAME=1', '-DHAVE_CXX_OVERRIDE_FINAL=1', '../test.cpp', '-c', '-o', '/terra/ndnSIMx/ns-3/build/.conf_check_f508e9b6eece2daec2e64fd366ca65f4/testbuild/test.cpp.1.o']

no
from /terra/ndnSIMx/ns-3/src/ndnSIM: The configuration failed
------------------------------------------------------------------
Checking for library pthread
==>

int main(int argc, char **argv) {
	(void)argc; (void)argv;
	return 0;
}

<==
[1/2] Compiling [32mbuild/.conf_check_f10a47b5b5559cc7721f84684c9511a3/test.cpp[0m

['/usr/bin/g++', '-std=c++0x', '-std=c++11', '-O0', '-ggdb', '-g3', '-Wall', '-Wno-error=deprecated-declarations', '-fstrict-aliasing', '-Wstrict-aliasing', '-DNS3_BUILD_PROFILE_DEBUG', '-DNS3_ASSERT_ENABLE', '-DNS3_LOG_ENABLE', '-DHAVE_SYS_IOCTL_H=1', '-DHAVE_IF_NETS_H=1', '-DHAVE_NET_ETHERNET_H=1', '-DHAVE_IF_TUN_H=1', '-DHAVE_PACKET_H=1', '-DHAVE_IS_DEFAULT_CONSTRUCTIBLE=1', '-DHAVE_IS_NOTHROW_MOVE_CONSTRUCTIBLE=1', '-DHAVE_IS_NOTHROW_MOVE_ASSIGNABLE=1', '-DHAVE_CXX_FRIEND_TYPENAME=1', '-DHAVE_CXX_OVERRIDE_FINAL=1', '../test.cpp', '-c', '-o', '/terra/ndnSIMx/ns-3/build/.conf_check_f10a47b5b5559cc7721f84684c9511a3/testbuild/test.cpp.1.o']
[2/2] Linking [33mbuild/.conf_check_f10a47b5b5559cc7721f84684c9511a3/testbuild/testprog[0m

['/usr/bin/g++', 'test.cpp.1.o', '-o', '/terra/ndnSIMx/ns-3/build/.conf_check_f10a47b5b5559cc7721f84684c9511a3/testbuild/testprog', '-Wl,-Bstatic', '-Wl,-Bdynamic', '-lpthread']
yes
------------------------------------------------------------------
Checking for 'sqlite3'
['/usr/bin/pkg-config', '--cflags', '--libs', 'sqlite3']
out:  -lsqlite3  

yes
------------------------------------------------------------------
Checking Crypto++ lib
561
------------------------------------------------------------------
Checking if CryptoPP library works
==>

#include "../../src/ndnSIM/ndn-cxx/src/security/cryptopp.hpp"
#include <iostream>

int
main()
{
  using namespace CryptoPP;

  std::string buffer = "Lorem ipsum dolor sit amet, consectetur adipiscing elit.";
  SHA256 hash;
  StringSource(buffer, true, new HashFilter(hash, new FileSink(std::cout)));
  StringSource(reinterpret_cast<const uint8_t*>(buffer.c_str()), buffer.size(),
               true, new HashFilter(hash, new FileSink(std::cout)));
  return 0;
}

<==
[1/2] Compiling [32mbuild/.conf_check_9d8f903b163905b217dac79ed183469f/test.cpp[0m

['/usr/bin/g++', '-std=c++0x', '-std=c++11', '-O0', '-ggdb', '-g3', '-Wall', '-Wno-error=deprecated-declarations', '-fstrict-aliasing', '-Wstrict-aliasing', '-pthread', '-I/usr/include', '-DNS3_BUILD_PROFILE_DEBUG', '-DNS3_ASSERT_ENABLE', '-DNS3_LOG_ENABLE', '-DHAVE_SYS_IOCTL_H=1', '-DHAVE_IF_NETS_H=1', '-DHAVE_NET_ETHERNET_H=1', '-DHAVE_IF_TUN_H=1', '-DHAVE_PACKET_H=1', '-DHAVE_IS_DEFAULT_CONSTRUCTIBLE=1', '-DHAVE_IS_NOTHROW_MOVE_CONSTRUCTIBLE=1', '-DHAVE_IS_NOTHROW_MOVE_ASSIGNABLE=1', '-DHAVE_CXX_FRIEND_TYPENAME=1', '-DHAVE_CXX_OVERRIDE_FINAL=1', '-DHAVE_PTHREAD=1', '-DHAVE_SQLITE3=1', '../test.cpp', '-c', '-o', '/terra/ndnSIMx/ns-3/build/.conf_check_9d8f903b163905b217dac79ed183469f/testbuild/test.cpp.1.o']
[2/2] Linking [33mbuild/.conf_check_9d8f903b163905b217dac79ed183469f/testbuild/testprog[0m

['/usr/bin/g++', '-pthread', 'test.cpp.1.o', '-o', '/terra/ndnSIMx/ns-3/build/.conf_check_9d8f903b163905b217dac79ed183469f/testbuild/testprog', '-Wl,-Bstatic', '-Wl,-Bdynamic', '-L/usr/lib', '-lcryptopp', '-lpthread']
yes
------------------------------------------------------------------
Checking for OpenFlow location
/usr/local (given)
------------------------------------------------------------------
Checking for library dl
==>

int main(int argc, char **argv) {
	(void)argc; (void)argv;
	return 0;
}

<==
[1/2] Compiling [32mbuild/.conf_check_424cef089172386cb489ba286a03851c/test.cpp[0m

['/usr/bin/g++', '-std=c++0x', '-std=c++11', '-O0', '-ggdb', '-g3', '-Wall', '-Wno-error=deprecated-declarations', '-fstrict-aliasing', '-Wstrict-aliasing', '-DNS3_BUILD_PROFILE_DEBUG', '-DNS3_ASSERT_ENABLE', '-DNS3_LOG_ENABLE', '-DHAVE_SYS_IOCTL_H=1', '-DHAVE_IF_NETS_H=1', '-DHAVE_NET_ETHERNET_H=1', '-DHAVE_IF_TUN_H=1', '-DHAVE_PACKET_H=1', '-DHAVE_IS_DEFAULT_CONSTRUCTIBLE=1', '-DHAVE_IS_NOTHROW_MOVE_CONSTRUCTIBLE=1', '-DHAVE_IS_NOTHROW_MOVE_ASSIGNABLE=1', '-DHAVE_CXX_FRIEND_TYPENAME=1', '-DHAVE_CXX_OVERRIDE_FINAL=1', '-DHAVE_PTHREAD=1', '-DHAVE_SQLITE3=1', '../test.cpp', '-c', '-o', '/terra/ndnSIMx/ns-3/build/.conf_check_424cef089172386cb489ba286a03851c/testbuild/test.cpp.1.o']
[2/2] Linking [33mbuild/.conf_check_424cef089172386cb489ba286a03851c/testbuild/testprog[0m

['/usr/bin/g++', 'test.cpp.1.o', '-o', '/terra/ndnSIMx/ns-3/build/.conf_check_424cef089172386cb489ba286a03851c/testbuild/testprog', '-Wl,-Bstatic', '-Wl,-Bdynamic', '-ldl']
yes
------------------------------------------------------------------
Checking for library xml2
==>

int main(int argc, char **argv) {
	(void)argc; (void)argv;
	return 0;
}

<==
[1/2] Compiling [32mbuild/.conf_check_23f8b61cf8d6cdc651ed0b3f9264a14f/test.cpp[0m

['/usr/bin/g++', '-std=c++0x', '-std=c++11', '-O0', '-ggdb', '-g3', '-Wall', '-Wno-error=deprecated-declarations', '-fstrict-aliasing', '-Wstrict-aliasing', '-DNS3_BUILD_PROFILE_DEBUG', '-DNS3_ASSERT_ENABLE', '-DNS3_LOG_ENABLE', '-DHAVE_SYS_IOCTL_H=1', '-DHAVE_IF_NETS_H=1', '-DHAVE_NET_ETHERNET_H=1', '-DHAVE_IF_TUN_H=1', '-DHAVE_PACKET_H=1', '-DHAVE_IS_DEFAULT_CONSTRUCTIBLE=1', '-DHAVE_IS_NOTHROW_MOVE_CONSTRUCTIBLE=1', '-DHAVE_IS_NOTHROW_MOVE_ASSIGNABLE=1', '-DHAVE_CXX_FRIEND_TYPENAME=1', '-DHAVE_CXX_OVERRIDE_FINAL=1', '-DHAVE_PTHREAD=1', '-DHAVE_SQLITE3=1', '-DDL=1', '../test.cpp', '-c', '-o', '/terra/ndnSIMx/ns-3/build/.conf_check_23f8b61cf8d6cdc651ed0b3f9264a14f/testbuild/test.cpp.1.o']
[2/2] Linking [33mbuild/.conf_check_23f8b61cf8d6cdc651ed0b3f9264a14f/testbuild/testprog[0m

['/usr/bin/g++', 'test.cpp.1.o', '-o', '/terra/ndnSIMx/ns-3/build/.conf_check_23f8b61cf8d6cdc651ed0b3f9264a14f/testbuild/testprog', '-Wl,-Bstatic', '-Wl,-Bdynamic', '-lxml2']
yes
------------------------------------------------------------------
Checking for library openflow
==>

#include "openflow/openflow.h"
#include "openflow/nicira-ext.h"
#include "openflow/ericsson-ext.h"

extern "C"
{
#define private _private
#define delete _delete
#define list List

#include "openflow/private/csum.h"
#include "openflow/private/poll-loop.h"
#include "openflow/private/rconn.h"
#include "openflow/private/stp.h"
#include "openflow/private/vconn.h"
#include "openflow/private/xtoxll.h"

#include "openflow/private/chain.h"
#include "openflow/private/table.h"
#include "openflow/private/datapath.h" // The functions below are defined in datapath.c
uint32_t save_buffer (ofpbuf *);
ofpbuf * retrieve_buffer (uint32_t id);
void discard_buffer (uint32_t id);
#include "openflow/private/dp_act.h" // The functions below are defined in dp_act.c
void set_vlan_vid (ofpbuf *buffer, sw_flow_key *key, const ofp_action_header *ah);
void set_vlan_pcp (ofpbuf *buffer, sw_flow_key *key, const ofp_action_header *ah);
void strip_vlan (ofpbuf *buffer, sw_flow_key *key, const ofp_action_header *ah);
void set_dl_addr (ofpbuf *buffer, sw_flow_key *key, const ofp_action_header *ah);
void set_nw_addr (ofpbuf *buffer, sw_flow_key *key, const ofp_action_header *ah);
void set_tp_port (ofpbuf *buffer, sw_flow_key *key, const ofp_action_header *ah);
void set_mpls_label (ofpbuf *buffer, sw_flow_key *key, const ofp_action_header *ah);
void set_mpls_exp (ofpbuf *buffer, sw_flow_key *key, const ofp_action_header *ah);
#include "openflow/private/pt_act.h" // The function below is defined in pt_act.c
void update_checksums (ofpbuf *buffer, const sw_flow_key *key, uint32_t old_word, uint32_t new_word);

#undef list
#undef private
#undef delete
}

int main()
{
  return 0;
}

<==
[1/2] Compiling [32mbuild/.conf_check_190d2aa1209f86e997493e40c9d240f6/test.cpp[0m

['/usr/bin/g++', '-std=c++0x', '-std=c++11', '-O0', '-ggdb', '-g3', '-Wall', '-Wno-error=deprecated-declarations', '-fstrict-aliasing', '-Wstrict-aliasing', '-I/usr/local/include', '-DNS3_BUILD_PROFILE_DEBUG', '-DNS3_ASSERT_ENABLE', '-DNS3_LOG_ENABLE', '-DHAVE_SYS_IOCTL_H=1', '-DHAVE_IF_NETS_H=1', '-DHAVE_NET_ETHERNET_H=1', '-DHAVE_IF_TUN_H=1', '-DHAVE_PACKET_H=1', '-DHAVE_IS_DEFAULT_CONSTRUCTIBLE=1', '-DHAVE_IS_NOTHROW_MOVE_CONSTRUCTIBLE=1', '-DHAVE_IS_NOTHROW_MOVE_ASSIGNABLE=1', '-DHAVE_CXX_FRIEND_TYPENAME=1', '-DHAVE_CXX_OVERRIDE_FINAL=1', '-DHAVE_PTHREAD=1', '-DHAVE_SQLITE3=1', '-DDL=1', '-DXML2=1', '-DNS3_OPENFLOW', '../test.cpp', '-c', '-o', '/terra/ndnSIMx/ns-3/build/.conf_check_190d2aa1209f86e997493e40c9d240f6/testbuild/test.cpp.1.o']
[2/2] Linking [33mbuild/.conf_check_190d2aa1209f86e997493e40c9d240f6/testbuild/testprog[0m

['/usr/bin/g++', 'test.cpp.1.o', '-o', '/terra/ndnSIMx/ns-3/build/.conf_check_190d2aa1209f86e997493e40c9d240f6/testbuild/testprog', '-Wl,-Bstatic', '-Wl,-Bdynamic', '-L/usr/local/build/default', '-L/usr/local/lib', '-L/usr/local/build/default', '-L/usr/local/lib', '-lopenflow', '-ldl', '-lxml2']
yes
------------------------------------------------------------------
Checking for 'sqlite3'
['/usr/bin/pkg-config', '--cflags', '--libs', 'sqlite3']
out:  -lsqlite3  

yes
------------------------------------------------------------------
Checking for header linux/if_tun.h
==>
#include <linux/if_tun.h>

int main(int argc, char **argv) {
	(void)argc; (void)argv;
	return 0;
}

<==
[1/2] Compiling [32mbuild/.conf_check_cd9f5110eea25d2fbcc253c158ff9504/test.cpp[0m

['/usr/bin/g++', '-std=c++0x', '-std=c++11', '-O0', '-ggdb', '-g3', '-Wall', '-Wno-error=deprecated-declarations', '-fstrict-aliasing', '-Wstrict-aliasing', '-DNS3_BUILD_PROFILE_DEBUG', '-DNS3_ASSERT_ENABLE', '-DNS3_LOG_ENABLE', '-DHAVE_SYS_IOCTL_H=1', '-DHAVE_IF_NETS_H=1', '-DHAVE_NET_ETHERNET_H=1', '-DHAVE_PACKET_H=1', '-DHAVE_IS_DEFAULT_CONSTRUCTIBLE=1', '-DHAVE_IS_NOTHROW_MOVE_CONSTRUCTIBLE=1', '-DHAVE_IS_NOTHROW_MOVE_ASSIGNABLE=1', '-DHAVE_CXX_FRIEND_TYPENAME=1', '-DHAVE_CXX_OVERRIDE_FINAL=1', '-DHAVE_PTHREAD=1', '-DHAVE_SQLITE3=1', '-DDL=1', '-DXML2=1', '../test.cpp', '-c', '-o', '/terra/ndnSIMx/ns-3/build/.conf_check_cd9f5110eea25d2fbcc253c158ff9504/testbuild/test.cpp.1.o']
[2/2] Linking [33mbuild/.conf_check_cd9f5110eea25d2fbcc253c158ff9504/testbuild/testprog[0m

['/usr/bin/g++', 'test.cpp.1.o', '-o', '/terra/ndnSIMx/ns-3/build/.conf_check_cd9f5110eea25d2fbcc253c158ff9504/testbuild/testprog', '-Wl,-Bstatic', '-Wl,-Bdynamic']
yes
------------------------------------------------------------------
Checking for python module 'gtk'
['/usr/bin/python', '-c', "\nimport gtk as current_module\nversion = getattr(current_module, '__version__', None)\nif version is not None:\n\tprint(str(version))\nelse:\n\tprint('unknown version')\n"]
out: unknown version

ok
------------------------------------------------------------------
Checking for python module 'goocanvas'
['/usr/bin/python', '-c', "\nimport goocanvas as current_module\nversion = getattr(current_module, '__version__', None)\nif version is not None:\n\tprint(str(version))\nelse:\n\tprint('unknown version')\n"]
out: 0.14.1

0.14.1
------------------------------------------------------------------
Checking for python module 'pygraphviz'
['/usr/bin/python', '-c', "\nimport pygraphviz as current_module\nversion = getattr(current_module, '__version__', None)\nif version is not None:\n\tprint(str(version))\nelse:\n\tprint('unknown version')\n"]
out: 1.2

1.2
------------------------------------------------------------------
Checking for program 'sudo'
/usr/bin/sudo
find program=['sudo'] paths=['/usr/local/texlive/2014/bin/i386-linux', '/extra/markreyn/.rvm/gems/ruby-2.1.0/bin', '/extra/markreyn/.rvm/gems/ruby-2.1.0@global/bin', '/extra/markreyn/.rvm/rubies/ruby-2.1.0/bin', '/sbin', '/extra/markreyn/bin', '/usr/local/sbin', '/usr/local/bin', '/usr/sbin', '/usr/bin', '/sbin', '/bin', '/usr/games', '/usr/local/games', '/usr/bin', '/extra/markreyn/.rvm/bin', '/extra/markreyn/CodeSourcery/Sourcery_G++_Lite/bin', '/extra/markreyn/CodeSourcery/Sourcery_CodeBench_for_ARM_GNU_Linux/bin', '/usr/sbin', '/extra/markreyn/android-sdk-linux/build-tools/19.1.0', '/extra/markreyn/android-sdk-linux/tools', '/extra/markreyn/android-sdk-linux/platform-tools', '/extra2/local/bin', '/extra/markreyn/.rvm/bin'] var='SUDO' -> ['/usr/bin/sudo']
------------------------------------------------------------------
Checking for program 'valgrind'
/usr/bin/valgrind
find program=['valgrind'] paths=['/usr/local/texlive/2014/bin/i386-linux', '/extra/markreyn/.rvm/gems/ruby-2.1.0/bin', '/extra/markreyn/.rvm/gems/ruby-2.1.0@global/bin', '/extra/markreyn/.rvm/rubies/ruby-2.1.0/bin', '/sbin', '/extra/markreyn/bin', '/usr/local/sbin', '/usr/local/bin', '/usr/sbin', '/usr/bin', '/sbin', '/bin', '/usr/games', '/usr/local/games', '/usr/bin', '/extra/markreyn/.rvm/bin', '/extra/markreyn/CodeSourcery/Sourcery_G++_Lite/bin', '/extra/markreyn/CodeSourcery/Sourcery_CodeBench_for_ARM_GNU_Linux/bin', '/usr/sbin', '/extra/markreyn/android-sdk-linux/build-tools/19.1.0', '/extra/markreyn/android-sdk-linux/tools', '/extra/markreyn/android-sdk-linux/platform-tools', '/extra2/local/bin', '/extra/markreyn/.rvm/bin'] var='VALGRIND' -> ['/usr/bin/valgrind']
------------------------------------------------------------------
Checking for 'gsl'
['/usr/bin/pkg-config', '--cflags', '--libs', 'gsl']
out:  -lgsl -lgslcblas -lm  

yes
------------------------------------------------------------------
Checking for program 'doxygen'
/usr/bin/doxygen
find program=['doxygen'] paths=['/usr/local/texlive/2014/bin/i386-linux', '/extra/markreyn/.rvm/gems/ruby-2.1.0/bin', '/extra/markreyn/.rvm/gems/ruby-2.1.0@global/bin', '/extra/markreyn/.rvm/rubies/ruby-2.1.0/bin', '/sbin', '/extra/markreyn/bin', '/usr/local/sbin', '/usr/local/bin', '/usr/sbin', '/usr/bin', '/sbin', '/bin', '/usr/games', '/usr/local/games', '/usr/bin', '/extra/markreyn/.rvm/bin', '/extra/markreyn/CodeSourcery/Sourcery_G++_Lite/bin', '/extra/markreyn/CodeSourcery/Sourcery_CodeBench_for_ARM_GNU_Linux/bin', '/usr/sbin', '/extra/markreyn/android-sdk-linux/build-tools/19.1.0', '/extra/markreyn/android-sdk-linux/tools', '/extra/markreyn/android-sdk-linux/platform-tools', '/extra2/local/bin', '/extra/markreyn/.rvm/bin'] var='DOXYGEN' -> ['/usr/bin/doxygen']
